#
# A fatal error has been detected by the Java Runtime Environment:
#
#  SIGSEGV (0xb) at pc=0x0000000105d51e61, pid=12627, tid=0x0000000000000713
#
# JRE version: Java(TM) SE Runtime Environment (8.0_111-b14) (build 1.8.0_111-b14)
# Java VM: Java HotSpot(TM) 64-Bit Server VM (25.111-b14 mixed mode bsd-amd64 compressed oops)
# Problematic frame:
# V  [libjvm.dylib+0x323e61]
#
# Failed to write core dump. Core dumps have been disabled. To enable core dumping, try "ulimit -c unlimited" before starting Java again
#
# If you would like to submit a bug report, please visit:
#   http://bugreport.java.com/bugreport/crash.jsp
#

---------------  T H R E A D  ---------------

Current thread (0x00007ff13989e000):  JavaThread "JavaFX Application Thread" [_thread_in_vm, id=1811, stack(0x00007fff59ad1000,0x00007fff5a2d1000)]

siginfo: si_signo: 11 (SIGSEGV), si_code: 1 (SEGV_MAPERR), si_addr: 0xfffffffffffff008

Registers:
RAX=0x0000003000000018, RBX=0x00007fff5a2cc8c0, RCX=0x0000000000000001, RDX=0xfffffffffffff008
RSP=0x00007fff5a2cc690, RBP=0x00007fff5a2cc7f0, RSI=0x00007fff5a2cc900, RDI=0x00007ff13989e1f8
R8 =0x00007ff1394ca9c0, R9 =0x00007fff5a2cc8c0, R10=0x000000010625c490, R11=0x00007fff7789f310
R12=0x00007ff13989e000, R13=0x00007fff5a2cc8c0, R14=0x00007ff1394ca9c0, R15=0x0000000000000001
RIP=0x0000000105d51e61, EFLAGS=0x0000000000010282, ERR=0x0000000000000004
  TRAPNO=0x000000000000000e

Top of Stack: (sp=0x00007fff5a2cc690)
0x00007fff5a2cc690:   00007fff789098e0 00007ff139453500
0x00007fff5a2cc6a0:   00007ff13989e1f8 00007fff5a2cc900
0x00007fff5a2cc6b0:   000000010594a000 00000007402db4b0
0x00007fff5a2cc6c0:   000000000000006f 0000000100000078
0x00007fff5a2cc6d0:   000000079798d970 00007fff00000003
0x00007fff5a2cc6e0:   000000005a2ccb68 00007fff789098c8
0x00007fff5a2cc6f0:   0000000000652400 0000000100000100
0x00007fff5a2cc700:   000000010594da00 00007fff5a2cc6b8
0x00007fff5a2cc710:   00007fff5a2cc6f9 0000000800000005
0x00007fff5a2cc720:   00007fff78901300 00007ff139453480
0x00007fff5a2cc730:   00007ff139612410 00007ff139612420
0x00007fff5a2cc740:   00007ff1396127f8 00000000000003d8
0x00007fff5a2cc750:   000000010625bc60 0000000106b966c0
0x00007fff5a2cc760:   00000000ffffffff 000000010594a000
0x00007fff5a2cc770:   0000000000000000 00007fff789012e0
0x00007fff5a2cc780:   000000011bbdd398 00007ff13989e000
0x00007fff5a2cc790:   000000011bbdd398 00007ff13989e000
0x00007fff5a2cc7a0:   000000011bbdd398 00007ff13989e000
0x00007fff5a2cc7b0:   000000011bbdd398 000000011bbdd398
0x00007fff5a2cc7c0:   000000011bbdd398 00007ff1394ca9c0
0x00007fff5a2cc7d0:   00007ff13989e000 00007fff5a2cc8c0
0x00007fff5a2cc7e0:   fffffffffffff008 00007ff13989e1f8
0x00007fff5a2cc7f0:   00007fff5a2cc980 0000000105d448e7
0x00007fff5a2cc800:   00007ff13989e000 00007fff789098e8
0x00007fff5a2cc810:   00007fff789098e0 0000000000000000
0x00007fff5a2cc820:   00007fff92bab148 0000000000000071
0x00007fff5a2cc830:   0000000000000000 00007ff139454308
0x00007fff5a2cc840:   00007fff5a2cc890 00007fff92bb992f
0x00007fff5a2cc850:   00007ff13e3c0aa0 00007fff7789f310
0x00007fff5a2cc860:   000000005a2cc8b0 00000001203e4f20
0x00007fff5a2cc870:   00007ff13989e1f8 00007ff13e3c0aa0
0x00007fff5a2cc880:   0000000000000003 00007fff92ba30c0 

Instructions: (pc=0x0000000105d51e61)
0x0000000105d51e41:   4c 89 cb 4d 89 c6 41 89 cf 48 89 b5 b8 fe ff ff
0x0000000105d51e51:   48 89 bd b0 fe ff ff 48 85 d2 4c 8b 65 10 74 08
0x0000000105d51e61:   4c 8b 2a 4d 85 ed 75 2a 48 8d 1d 90 28 5e 00 48
0x0000000105d51e71:   8b 8b a8 03 00 00 48 8d 35 05 91 2d 00 ba 3c 05 

Register to memory mapping:

RAX=0x0000003000000018 is an unknown value
RBX=0x00007fff5a2cc8c0 is pointing into the stack for thread: 0x00007ff13989e000
RCX=0x0000000000000001 is an unknown value
RDX=0xfffffffffffff008 is an unknown value
RSP=0x00007fff5a2cc690 is pointing into the stack for thread: 0x00007ff13989e000
RBP=0x00007fff5a2cc7f0 is pointing into the stack for thread: 0x00007ff13989e000
RSI=0x00007fff5a2cc900 is pointing into the stack for thread: 0x00007ff13989e000
RDI=0x00007ff13989e1f8 is an unknown value
R8 =0x00007ff1394ca9c0 is an unknown value
R9 =0x00007fff5a2cc8c0 is pointing into the stack for thread: 0x00007ff13989e000
R10=0x000000010625c490: jni_NativeInterface+0 in /Library/Java/JavaVirtualMachines/jdk1.8.0_111.jdk/Contents/Home/jre/lib/server/libjvm.dylib at 0x0000000105a2e000
R11=0x00007fff7789f310: OBJC_CLASS_$_NSEvent+0 in /System/Library/Frameworks/AppKit.framework/Versions/C/AppKit at 0x00007fff8c251000
R12=0x00007ff13989e000 is a thread
R13=0x00007fff5a2cc8c0 is pointing into the stack for thread: 0x00007ff13989e000
R14=0x00007ff1394ca9c0 is an unknown value
R15=0x0000000000000001 is an unknown value


Stack: [0x00007fff59ad1000,0x00007fff5a2d1000],  sp=0x00007fff5a2cc690,  free space=8173k
Native frames: (J=compiled Java code, j=interpreted, Vv=VM code, C=native code)
V  [libjvm.dylib+0x323e61]
V  [libjvm.dylib+0x3168e7]
C  [libglass.dylib+0x20c1f]  -[GlassViewDelegate sendJavaKeyEvent:isDown:]+0x33f
C  [libglass.dylib+0x1dd5c]  -[GlassView3D performKeyEquivalent:]+0x30c
C  [AppKit+0x252c47]  -[NSView _performKeyEquivalent:conditionally:]+0xbd
C  [AppKit+0x252d21]  -[NSView performKeyEquivalent:]+0xc5
C  [AppKit+0x252c47]  -[NSView _performKeyEquivalent:conditionally:]+0xbd
C  [AppKit+0x252d21]  -[NSView performKeyEquivalent:]+0xc5
C  [AppKit+0x252c47]  -[NSView _performKeyEquivalent:conditionally:]+0xbd
C  [AppKit+0x252b15]  -[NSWindow performKeyEquivalent:]+0x4e
C  [libglass.dylib+0x25730]  -[GlassWindow_Normal performKeyEquivalent:]+0x40
C  [AppKit+0x2528e0]  -[NSApplication _handleKeyEquivalent:]+0x209
C  [AppKit+0x15d83a]  -[NSApplication sendEvent:]+0xff0
C  [AppKit+0x86b68]  -[NSApplication run]+0x2c7
C  [libglass.dylib+0x654c]  -[GlassApplication runLoop:]+0x72c
C  [Foundation+0x92dd0]  __NSThreadPerformPerform+0x125
C  [CoreFoundation+0x80a01]  __CFRUNLOOP_IS_CALLING_OUT_TO_A_SOURCE0_PERFORM_FUNCTION__+0x11
C  [CoreFoundation+0x72b8d]  __CFRunLoopDoSources0+0x10d
C  [CoreFoundation+0x721bf]  __CFRunLoopRun+0x39f
C  [CoreFoundation+0x71bd8]  CFRunLoopRunSpecific+0x128
C  [java+0x6465]  CreateExecutionEnvironment+0x367
C  [java+0x218c]  JLI_Launch+0x7a0
C  [java+0x84c2]  main+0x65
C  [java+0x19e4]  start+0x34
C  0x0000000000000008


---------------  P R O C E S S  ---------------

Java Threads: ( => current thread )
  0x00007ff13b74c800 JavaThread "Keep-Alive-SocketCleaner" daemon [_thread_blocked, id=75047, stack(0x0000000136b2c000,0x0000000136c2c000)]
  0x00007ff139b0c800 JavaThread "URL-Loader-20" daemon [_thread_blocked, id=71691, stack(0x000000012a0a6000,0x000000012a1a6000)]
  0x00007ff13aaa0800 JavaThread "URL-Loader-19" daemon [_thread_blocked, id=70915, stack(0x000000012ebbe000,0x000000012ecbe000)]
  0x00007ff139b5f000 JavaThread "URL-Loader-18" daemon [_thread_blocked, id=70403, stack(0x000000012eabb000,0x000000012ebbb000)]
  0x00007ff139b4f000 JavaThread "URL-Loader-17" daemon [_thread_blocked, id=69891, stack(0x000000012e9b8000,0x000000012eab8000)]
  0x00007ff139acf000 JavaThread "URL-Loader-16" daemon [_thread_blocked, id=69379, stack(0x000000012e8b5000,0x000000012e9b5000)]
  0x00007ff13b4aa800 JavaThread "URL-Loader-15" daemon [_thread_blocked, id=68867, stack(0x000000012e7b2000,0x000000012e8b2000)]
  0x00007ff13aa90000 JavaThread "URL-Loader-14" daemon [_thread_blocked, id=68355, stack(0x000000012e6af000,0x000000012e7af000)]
  0x00007ff13a418000 JavaThread "URL-Loader-13" daemon [_thread_blocked, id=67843, stack(0x000000012e5ac000,0x000000012e6ac000)]
  0x00007ff139a89000 JavaThread "URL-Loader-12" daemon [_thread_blocked, id=67331, stack(0x000000012b802000,0x000000012b902000)]
  0x00007ff13b4ab800 JavaThread "URL-Loader-11" daemon [_thread_blocked, id=66819, stack(0x000000012b6ff000,0x000000012b7ff000)]
  0x00007ff13a3ef800 JavaThread "URL-Loader-10" daemon [_thread_blocked, id=66307, stack(0x000000012b5fc000,0x000000012b6fc000)]
  0x00007ff13a3b7000 JavaThread "URL-Loader-9" daemon [_thread_blocked, id=65795, stack(0x000000012b4f9000,0x000000012b5f9000)]
  0x00007ff13a3ee800 JavaThread "URL-Loader-8" daemon [_thread_blocked, id=65283, stack(0x000000012b3f6000,0x000000012b4f6000)]
  0x00007ff13aa79800 JavaThread "URL-Loader-7" daemon [_thread_blocked, id=64771, stack(0x000000012b2f3000,0x000000012b3f3000)]
  0x00007ff13aa8e000 JavaThread "URL-Loader-6" daemon [_thread_blocked, id=64259, stack(0x000000012b1f0000,0x000000012b2f0000)]
  0x00007ff139af1000 JavaThread "URL-Loader-5" daemon [_thread_blocked, id=63747, stack(0x000000012ae30000,0x000000012af30000)]
  0x00007ff13b4a1800 JavaThread "Thread-7" daemon [_thread_in_native, id=63235, stack(0x000000012adad000,0x000000012ae2d000)]
  0x00007ff13b4e3000 JavaThread "Watchdog-Timer-1" daemon [_thread_blocked, id=62547, stack(0x000000012acaa000,0x000000012adaa000)]
  0x00007ff13b478000 JavaThread "URL-Loader-4" daemon [_thread_blocked, id=62215, stack(0x000000012a981000,0x000000012aa81000)]
  0x00007ff139a06800 JavaThread "URL-Loader-3" daemon [_thread_blocked, id=61731, stack(0x000000012a46d000,0x000000012a56d000)]
  0x00007ff13aa4b800 JavaThread "URL-Loader-2" daemon [_thread_blocked, id=61487, stack(0x00000001288c4000,0x00000001289c4000)]
  0x00007ff13aa41800 JavaThread "Keep-Alive-Timer" daemon [_thread_blocked, id=59223, stack(0x00000001287c1000,0x00000001288c1000)]
  0x00007ff1399aa800 JavaThread "Prism Font Disposer" daemon [_thread_blocked, id=50995, stack(0x0000000127c2b000,0x0000000127d2b000)]
  0x00007ff13a8fe800 JavaThread "URL-Loader-1" daemon [_thread_blocked, id=50179, stack(0x0000000126d94000,0x0000000126e94000)]
  0x00007ff13a1f1000 JavaThread "Disposer" daemon [_thread_blocked, id=49667, stack(0x0000000126c81000,0x0000000126d81000)]
  0x00007ff1398cf000 JavaThread "Thread-4" daemon [_thread_in_native, id=36363, stack(0x0000000122fca000,0x000000012304a000)]
=>0x00007ff13989e000 JavaThread "JavaFX Application Thread" [_thread_in_vm, id=1811, stack(0x00007fff59ad1000,0x00007fff5a2d1000)]
  0x00007ff13a186000 JavaThread "Thread-2" daemon [_thread_blocked, id=24863, stack(0x00000001203ff000,0x00000001204ff000)]
  0x00007ff13b017000 JavaThread "QuantumRenderer-0" daemon [_thread_blocked, id=20227, stack(0x000000011f704000,0x000000011f804000)]
  0x00007ff13a113000 JavaThread "JavaFX-Launcher" [_thread_blocked, id=19715, stack(0x000000011f601000,0x000000011f701000)]
  0x00007ff13b00d000 JavaThread "Monitor Ctrl-Break" daemon [_thread_in_native, id=19203, stack(0x000000011f409000,0x000000011f509000)]
  0x00007ff13b058000 JavaThread "Service Thread" daemon [_thread_blocked, id=18179, stack(0x000000011f0e3000,0x000000011f1e3000)]
  0x00007ff13a824000 JavaThread "C1 CompilerThread2" daemon [_thread_blocked, id=17667, stack(0x000000011efe0000,0x000000011f0e0000)]
  0x00007ff13a801000 JavaThread "C2 CompilerThread1" daemon [_thread_blocked, id=17155, stack(0x000000011eedd000,0x000000011efdd000)]
  0x00007ff13b01d000 JavaThread "C2 CompilerThread0" daemon [_thread_blocked, id=16643, stack(0x000000011edda000,0x000000011eeda000)]
  0x00007ff13b00a000 JavaThread "Signal Dispatcher" daemon [_thread_blocked, id=15899, stack(0x000000011ecd7000,0x000000011edd7000)]
  0x00007ff13981d000 JavaThread "Finalizer" daemon [_thread_blocked, id=11523, stack(0x000000011d2cb000,0x000000011d3cb000)]
  0x00007ff13981c800 JavaThread "Reference Handler" daemon [_thread_blocked, id=11011, stack(0x000000011d1c8000,0x000000011d2c8000)]
  0x00007ff13980d000 JavaThread "main" [_thread_blocked, id=3331, stack(0x00000001069d0000,0x0000000106ad0000)]

Other Threads:
  0x00007ff13981c000 VMThread [stack: 0x000000011d0c5000,0x000000011d1c5000] [id=10499]
  0x00007ff13a086800 WatcherThread [stack: 0x000000011f1e6000,0x000000011f2e6000] [id=18691]

VM state:not at safepoint (normal execution)

VM Mutex/Monitor currently owned by a thread: None

Heap:
 PSYoungGen      total 231936K, used 41539K [0x0000000795580000, 0x00000007a6a80000, 0x00000007c0000000)
  eden space 223232K, 14% used [0x0000000795580000,0x00000007975949b0,0x00000007a2f80000)
  from space 8704K, 99% used [0x00000007a6200000,0x00000007a6a7c4d0,0x00000007a6a80000)
  to   space 10752K, 0% used [0x00000007a5580000,0x00000007a5580000,0x00000007a6000000)
 ParOldGen       total 54784K, used 9418K [0x0000000740000000, 0x0000000743580000, 0x0000000795580000)
  object space 54784K, 17% used [0x0000000740000000,0x0000000740932998,0x0000000743580000)
 Metaspace       used 24739K, capacity 25906K, committed 26240K, reserved 1071104K
  class space    used 3371K, capacity 3620K, committed 3712K, reserved 1048576K

Card table byte_map: [0x00000001167c0000,0x0000000116bc1000] byte_map_base: 0x0000000112dc0000

Marking Bits: (ParMarkBitMap*) 0x000000010631dd20
 Begin Bits: [0x0000000117278000, 0x0000000119278000)
 End Bits:   [0x0000000119278000, 0x000000011b278000)

Polling page: 0x0000000106b15000

CodeCache: size=245760Kb used=10927Kb max_used=10927Kb free=234832Kb
 bounds [0x0000000107400000, 0x0000000107ec0000, 0x0000000116400000]
 total_blobs=4396 nmethods=3619 adapters=689
 compilation: enabled

Compilation events (10 events):
Event: 12.282 Thread 0x00007ff13a824000 4024   !   3       com.sun.javafx.tk.quantum.QuantumToolkit::pulse (164 bytes)
Event: 12.284 Thread 0x00007ff13a824000 nmethod 4024 0x0000000107eb26d0 code [0x0000000107eb28c0, 0x0000000107eb32b8]
Event: 12.284 Thread 0x00007ff13a824000 4025       3       com.sun.scenario.animation.AbstractMasterTimer$MainLoop::run (61 bytes)
Event: 12.287 Thread 0x00007ff13a824000 nmethod 4025 0x0000000107eb3690 code [0x0000000107eb3860, 0x0000000107eb3dd8]
Event: 12.287 Thread 0x00007ff13a824000 4026       3       javafx.animation.AnimationTimer$AnimationTimerReceiver$$Lambda$203/783995583::run (12 bytes)
Event: 12.288 Thread 0x00007ff13a824000 nmethod 4026 0x0000000107eafa10 code [0x0000000107eafb80, 0x0000000107eafe28]
Event: 12.414 Thread 0x00007ff13a824000 4027       3       com.sun.javafx.tk.quantum.QuantumToolkit$$Lambda$43/1506816450::run (8 bytes)
Event: 12.414 Thread 0x00007ff13a824000 nmethod 4027 0x0000000107eb3fd0 code [0x0000000107eb4140, 0x0000000107eb4488]
Event: 12.414 Thread 0x00007ff13a824000 4028       3       com.sun.javafx.tk.quantum.QuantumToolkit::lambda$runToolkit$404 (5 bytes)
Event: 12.415 Thread 0x00007ff13a824000 nmethod 4028 0x0000000107eb45d0 code [0x0000000107eb4740, 0x0000000107eb4a28]

GC Heap History (10 events):
Event: 3.182 GC heap before
{Heap before GC invocations=5 (full 0):
 PSYoungGen      total 71680K, used 71569K [0x0000000795580000, 0x000000079a080000, 0x00000007c0000000)
  eden space 66560K, 99% used [0x0000000795580000,0x0000000799669bf8,0x0000000799680000)
  from space 5120K, 99% used [0x0000000799b80000,0x000000079a07ab20,0x000000079a080000)
  to   space 5120K, 0% used [0x0000000799680000,0x0000000799680000,0x0000000799b80000)
 ParOldGen       total 87552K, used 3281K [0x0000000740000000, 0x0000000745580000, 0x0000000795580000)
  object space 87552K, 3% used [0x0000000740000000,0x00000007403345b0,0x0000000745580000)
 Metaspace       used 20174K, capacity 20928K, committed 21120K, reserved 1067008K
  class space    used 2717K, capacity 2914K, committed 2944K, reserved 1048576K
Event: 3.196 GC heap after
Heap after GC invocations=5 (full 0):
 PSYoungGen      total 71680K, used 5119K [0x0000000795580000, 0x000000079e780000, 0x00000007c0000000)
  eden space 66560K, 0% used [0x0000000795580000,0x0000000795580000,0x0000000799680000)
  from space 5120K, 99% used [0x0000000799680000,0x0000000799b7fe88,0x0000000799b80000)
  to   space 8192K, 0% used [0x000000079df80000,0x000000079df80000,0x000000079e780000)
 ParOldGen       total 87552K, used 3321K [0x0000000740000000, 0x0000000745580000, 0x0000000795580000)
  object space 87552K, 3% used [0x0000000740000000,0x000000074033e5b0,0x0000000745580000)
 Metaspace       used 20174K, capacity 20928K, committed 21120K, reserved 1067008K
  class space    used 2717K, capacity 2914K, committed 2944K, reserved 1048576K
}
Event: 3.250 GC heap before
{Heap before GC invocations=6 (full 0):
 PSYoungGen      total 71680K, used 71636K [0x0000000795580000, 0x000000079e780000, 0x00000007c0000000)
  eden space 66560K, 99% used [0x0000000795580000,0x0000000799675300,0x0000000799680000)
  from space 5120K, 99% used [0x0000000799680000,0x0000000799b7fe88,0x0000000799b80000)
  to   space 8192K, 0% used [0x000000079df80000,0x000000079df80000,0x000000079e780000)
 ParOldGen       total 87552K, used 3321K [0x0000000740000000, 0x0000000745580000, 0x0000000795580000)
  object space 87552K, 3% used [0x0000000740000000,0x000000074033e5b0,0x0000000745580000)
 Metaspace       used 20202K, capacity 20930K, committed 21120K, reserved 1067008K
  class space    used 2722K, capacity 2915K, committed 2944K, reserved 1048576K
Event: 3.258 GC heap after
Heap after GC invocations=6 (full 0):
 PSYoungGen      total 141312K, used 5228K [0x0000000795580000, 0x000000079e780000, 0x00000007c0000000)
  eden space 133120K, 0% used [0x0000000795580000,0x0000000795580000,0x000000079d780000)
  from space 8192K, 63% used [0x000000079df80000,0x000000079e49b0b0,0x000000079e780000)
  to   space 8192K, 0% used [0x000000079d780000,0x000000079d780000,0x000000079df80000)
 ParOldGen       total 87552K, used 3329K [0x0000000740000000, 0x0000000745580000, 0x0000000795580000)
  object space 87552K, 3% used [0x0000000740000000,0x00000007403405b0,0x0000000745580000)
 Metaspace       used 20202K, capacity 20930K, committed 21120K, reserved 1067008K
  class space    used 2722K, capacity 2915K, committed 2944K, reserved 1048576K
}
Event: 3.530 GC heap before
{Heap before GC invocations=7 (full 0):
 PSYoungGen      total 141312K, used 61128K [0x0000000795580000, 0x000000079e780000, 0x00000007c0000000)
  eden space 133120K, 41% used [0x0000000795580000,0x0000000798c17040,0x000000079d780000)
  from space 8192K, 63% used [0x000000079df80000,0x000000079e49b0b0,0x000000079e780000)
  to   space 8192K, 0% used [0x000000079d780000,0x000000079d780000,0x000000079df80000)
 ParOldGen       total 87552K, used 3329K [0x0000000740000000, 0x0000000745580000, 0x0000000795580000)
  object space 87552K, 3% used [0x0000000740000000,0x00000007403405b0,0x0000000745580000)
 Metaspace       used 20400K, capacity 21122K, committed 21296K, reserved 1067008K
  class space    used 2744K, capacity 2915K, committed 2944K, reserved 1048576K
Event: 3.541 GC heap after
Heap after GC invocations=7 (full 0):
 PSYoungGen      total 141312K, used 734K [0x0000000795580000, 0x00000007a6a80000, 0x00000007c0000000)
  eden space 133120K, 0% used [0x0000000795580000,0x0000000795580000,0x000000079d780000)
  from space 8192K, 8% used [0x000000079d780000,0x000000079d837978,0x000000079df80000)
  to   space 8704K, 0% used [0x00000007a6200000,0x00000007a6200000,0x00000007a6a80000)
 ParOldGen       total 87552K, used 8245K [0x0000000740000000, 0x0000000745580000, 0x0000000795580000)
  object space 87552K, 9% used [0x0000000740000000,0x000000074080d7a8,0x0000000745580000)
 Metaspace       used 20400K, capacity 21122K, committed 21296K, reserved 1067008K
  class space    used 2744K, capacity 2915K, committed 2944K, reserved 1048576K
}
Event: 3.541 GC heap before
{Heap before GC invocations=8 (full 1):
 PSYoungGen      total 141312K, used 734K [0x0000000795580000, 0x00000007a6a80000, 0x00000007c0000000)
  eden space 133120K, 0% used [0x0000000795580000,0x0000000795580000,0x000000079d780000)
  from space 8192K, 8% used [0x000000079d780000,0x000000079d837978,0x000000079df80000)
  to   space 8704K, 0% used [0x00000007a6200000,0x00000007a6200000,0x00000007a6a80000)
 ParOldGen       total 87552K, used 8245K [0x0000000740000000, 0x0000000745580000, 0x0000000795580000)
  object space 87552K, 9% used [0x0000000740000000,0x000000074080d7a8,0x0000000745580000)
 Metaspace       used 20400K, capacity 21122K, committed 21296K, reserved 1067008K
  class space    used 2744K, capacity 2915K, committed 2944K, reserved 1048576K
Event: 3.714 GC heap after
Heap after GC invocations=8 (full 1):
 PSYoungGen      total 141312K, used 0K [0x0000000795580000, 0x00000007a6a80000, 0x00000007c0000000)
  eden space 133120K, 0% used [0x0000000795580000,0x0000000795580000,0x000000079d780000)
  from space 8192K, 0% used [0x000000079d780000,0x000000079d780000,0x000000079df80000)
  to   space 8704K, 0% used [0x00000007a6200000,0x00000007a6200000,0x00000007a6a80000)
 ParOldGen       total 54784K, used 7386K [0x0000000740000000, 0x0000000743580000, 0x0000000795580000)
  object space 54784K, 13% used [0x0000000740000000,0x0000000740736848,0x0000000743580000)
 Metaspace       used 20400K, capacity 21122K, committed 21296K, reserved 1067008K
  class space    used 2744K, capacity 2915K, committed 2944K, reserved 1048576K
}
Event: 11.444 GC heap before
{Heap before GC invocations=9 (full 1):
 PSYoungGen      total 141312K, used 131095K [0x0000000795580000, 0x00000007a6a80000, 0x00000007c0000000)
  eden space 133120K, 98% used [0x0000000795580000,0x000000079d585d28,0x000000079d780000)
  from space 8192K, 0% used [0x000000079d780000,0x000000079d780000,0x000000079df80000)
  to   space 8704K, 0% used [0x00000007a6200000,0x00000007a6200000,0x00000007a6a80000)
 ParOldGen       total 54784K, used 7386K [0x0000000740000000, 0x0000000743580000, 0x0000000795580000)
  object space 54784K, 13% used [0x0000000740000000,0x0000000740736848,0x0000000743580000)
 Metaspace       used 24636K, capacity 25812K, committed 25984K, reserved 1071104K
  class space    used 3368K, capacity 3615K, committed 3712K, reserved 1048576K
Event: 11.453 GC heap after
Heap after GC invocations=9 (full 1):
 PSYoungGen      total 231936K, used 8689K [0x0000000795580000, 0x00000007a6a80000, 0x00000007c0000000)
  eden space 223232K, 0% used [0x0000000795580000,0x0000000795580000,0x00000007a2f80000)
  from space 8704K, 99% used [0x00000007a6200000,0x00000007a6a7c4d0,0x00000007a6a80000)
  to   space 10752K, 0% used [0x00000007a5580000,0x00000007a5580000,0x00000007a6000000)
 ParOldGen       total 54784K, used 9418K [0x0000000740000000, 0x0000000743580000, 0x0000000795580000)
  object space 54784K, 17% used [0x0000000740000000,0x0000000740932998,0x0000000743580000)
 Metaspace       used 24636K, capacity 25812K, committed 25984K, reserved 1071104K
  class space    used 3368K, capacity 3615K, committed 3712K, reserved 1048576K
}

Deoptimization events (10 events):
Event: 5.830 Thread 0x00007ff13a3b7000 Uncommon trap: reason=unstable_if action=reinterpret pc=0x0000000107b8fcac method=sun.net.www.ParseUtil.match(CJJ)Z @ 13
Event: 6.549 Thread 0x00007ff13a3ee800 Uncommon trap: reason=unstable_if action=reinterpret pc=0x0000000107af7b78 method=java.io.ByteArrayInputStream.read([BII)I @ 70
Event: 6.555 Thread 0x00007ff13a3ee800 Uncommon trap: reason=unstable_if action=reinterpret pc=0x00000001079bb534 method=java.util.HashMap$HashIterator.<init>(Ljava/util/HashMap;)V @ 45
Event: 8.843 Thread 0x00007ff13989e000 Uncommon trap: reason=class_check action=maybe_recompile pc=0x000000010797d094 method=java.util.regex.Pattern$Node.study(Ljava/util/regex/Pattern$TreeInfo;)Z @ 12
Event: 8.843 Thread 0x00007ff13989e000 Uncommon trap: reason=class_check action=maybe_recompile pc=0x000000010797d094 method=java.util.regex.Pattern$Node.study(Ljava/util/regex/Pattern$TreeInfo;)Z @ 12
Event: 10.998 Thread 0x00007ff13989e000 Uncommon trap: reason=unstable_if action=reinterpret pc=0x00000001075314bc method=java.util.regex.Pattern$Branch.match(Ljava/util/regex/Matcher;ILjava/lang/CharSequence;)Z @ 19
Event: 10.998 Thread 0x00007ff13989e000 Uncommon trap: reason=bimorphic action=maybe_recompile pc=0x00000001077ae77c method=java.util.regex.Pattern$BmpCharProperty.match(Ljava/util/regex/Matcher;ILjava/lang/CharSequence;)Z @ 16
Event: 10.998 Thread 0x00007ff13989e000 Uncommon trap: reason=bimorphic action=maybe_recompile pc=0x00000001077ae77c method=java.util.regex.Pattern$BmpCharProperty.match(Ljava/util/regex/Matcher;ILjava/lang/CharSequence;)Z @ 16
Event: 10.998 Thread 0x00007ff13989e000 Uncommon trap: reason=bimorphic action=maybe_recompile pc=0x00000001077ae77c method=java.util.regex.Pattern$BmpCharProperty.match(Ljava/util/regex/Matcher;ILjava/lang/CharSequence;)Z @ 16
Event: 10.998 Thread 0x00007ff13989e000 Uncommon trap: reason=bimorphic action=maybe_recompile pc=0x00000001077ae77c method=java.util.regex.Pattern$BmpCharProperty.match(Ljava/util/regex/Matcher;ILjava/lang/CharSequence;)Z @ 16

Internal exceptions (10 events):
Event: 5.951 Thread 0x00007ff13aa90000 Exception <a 'java/net/ConnectException'> (0x0000000796746220) thrown at [/Users/java_re/workspace/8-2-build-macosx-x86_64/jdk8u111/7883/hotspot/src/share/vm/prims/jni.cpp, line 709]
Event: 10.518 Thread 0x00007ff13b4ab800 Exception <a 'java/net/ConnectException'> (0x000000079a58bae8) thrown at [/Users/java_re/workspace/8-2-build-macosx-x86_64/jdk8u111/7883/hotspot/src/share/vm/prims/jni.cpp, line 709]
Event: 10.528 Thread 0x00007ff13b4ab800 Exception <a 'java/net/ConnectException'> (0x000000079a5b28f8) thrown at [/Users/java_re/workspace/8-2-build-macosx-x86_64/jdk8u111/7883/hotspot/src/share/vm/prims/jni.cpp, line 709]
Event: 10.878 Thread 0x00007ff13a47a000 Implicit null exception at 0x000000010776f999 to 0x000000010776fa89
Event: 10.879 Thread 0x00007ff13a47a000 Exception <a 'java/lang/NullPointerException'> (0x000000079d164290) thrown at [/Users/java_re/workspace/8-2-build-macosx-x86_64/jdk8u111/7883/hotspot/src/share/vm/runtime/sharedRuntime.cpp, line 605]
Event: 10.886 Thread 0x00007ff13989e000 Exception <a 'java/lang/NullPointerException'> (0x000000079cefd5a0) thrown at [/Users/java_re/workspace/8-2-build-macosx-x86_64/jdk8u111/7883/hotspot/src/share/vm/prims/jvm.cpp, line 1390]
Event: 10.917 Thread 0x00007ff13989e000 Exception <a 'java/lang/NullPointerException'> (0x000000079cf1aa80) thrown at [/Users/java_re/workspace/8-2-build-macosx-x86_64/jdk8u111/7883/hotspot/src/share/vm/prims/jvm.cpp, line 1390]
Event: 11.696 Thread 0x00007ff13989e000 Exception <a 'java/lang/ClassNotFoundException': sun/net/www/protocol/about/Handler> (0x0000000796150940) thrown at [/Users/java_re/workspace/8-2-build-macosx-x86_64/jdk8u111/7883/hotspot/src/share/vm/classfile/systemDictionary.cpp, line 210]
Event: 11.990 Thread 0x00007ff13a8fe800 Exception <a 'java/net/ConnectException'> (0x000000079714aec8) thrown at [/Users/java_re/workspace/8-2-build-macosx-x86_64/jdk8u111/7883/hotspot/src/share/vm/prims/jni.cpp, line 709]
Event: 11.993 Thread 0x00007ff13a8fe800 Exception <a 'java/net/ConnectException'> (0x0000000797171cd8) thrown at [/Users/java_re/workspace/8-2-build-macosx-x86_64/jdk8u111/7883/hotspot/src/share/vm/prims/jni.cpp, line 709]

Events (10 events):
Event: 12.061 Executing VM operation: RevokeBias
Event: 12.061 Executing VM operation: RevokeBias done
Event: 12.061 Executing VM operation: RevokeBias
Event: 12.061 Executing VM operation: RevokeBias done
Event: 12.061 Executing VM operation: RevokeBias
Event: 12.061 Executing VM operation: RevokeBias done
Event: 12.061 Executing VM operation: RevokeBias
Event: 12.061 Executing VM operation: RevokeBias done
Event: 12.061 Executing VM operation: RevokeBias
Event: 12.061 Executing VM operation: RevokeBias done


Dynamic libraries:
0x0000000006874000 	/System/Library/Frameworks/Cocoa.framework/Versions/A/Cocoa
0x0000000006874000 	/System/Library/Frameworks/Security.framework/Versions/A/Security
0x0000000006874000 	/System/Library/Frameworks/ApplicationServices.framework/Versions/A/ApplicationServices
0x0000000006874000 	/usr/lib/libz.1.dylib
0x0000000006874000 	/usr/lib/libSystem.B.dylib
0x0000000006874000 	/usr/lib/libobjc.A.dylib
0x0000000006874000 	/System/Library/Frameworks/CoreFoundation.framework/Versions/A/CoreFoundation
0x0000000006874000 	/System/Library/Frameworks/Foundation.framework/Versions/C/Foundation
0x0000000006874000 	/System/Library/Frameworks/AppKit.framework/Versions/C/AppKit
0x0000000006874000 	/System/Library/Frameworks/CoreData.framework/Versions/A/CoreData
0x0000000006874000 	/System/Library/PrivateFrameworks/RemoteViewServices.framework/Versions/A/RemoteViewServices
0x0000000006874000 	/System/Library/PrivateFrameworks/UIFoundation.framework/Versions/A/UIFoundation
0x0000000006874000 	/System/Library/Frameworks/IOSurface.framework/Versions/A/IOSurface
0x0000000006874000 	/System/Library/Frameworks/AudioToolbox.framework/Versions/A/AudioToolbox
0x0000000006874000 	/System/Library/Frameworks/AudioUnit.framework/Versions/A/AudioUnit
0x0000000006874000 	/System/Library/PrivateFrameworks/DataDetectorsCore.framework/Versions/A/DataDetectorsCore
0x0000000006874000 	/System/Library/PrivateFrameworks/DesktopServicesPriv.framework/Versions/A/DesktopServicesPriv
0x0000000006874000 	/System/Library/Frameworks/Carbon.framework/Versions/A/Frameworks/HIToolbox.framework/Versions/A/HIToolbox
0x0000000006874000 	/System/Library/Frameworks/QuartzCore.framework/Versions/A/QuartzCore
0x0000000006874000 	/System/Library/Frameworks/Carbon.framework/Versions/A/Frameworks/SpeechRecognition.framework/Versions/A/SpeechRecognition
0x0000000006874000 	/usr/lib/libauto.dylib
0x0000000006874000 	/usr/lib/libicucore.A.dylib
0x0000000006874000 	/usr/lib/libxml2.2.dylib
0x0000000006874000 	/System/Library/PrivateFrameworks/CoreUI.framework/Versions/A/CoreUI
0x0000000006874000 	/System/Library/Frameworks/CoreAudio.framework/Versions/A/CoreAudio
0x0000000006874000 	/System/Library/Frameworks/DiskArbitration.framework/Versions/A/DiskArbitration
0x0000000006874000 	/usr/lib/liblangid.dylib
0x0000000006874000 	/System/Library/PrivateFrameworks/MultitouchSupport.framework/Versions/A/MultitouchSupport
0x0000000006874000 	/System/Library/Frameworks/IOKit.framework/Versions/A/IOKit
0x0000000006874000 	/usr/lib/libDiagnosticMessagesClient.dylib
0x0000000006874000 	/System/Library/Frameworks/CoreServices.framework/Versions/A/CoreServices
0x0000000006874000 	/System/Library/PrivateFrameworks/PerformanceAnalysis.framework/Versions/A/PerformanceAnalysis
0x0000000006874000 	/System/Library/PrivateFrameworks/GenerationalStorage.framework/Versions/A/GenerationalStorage
0x0000000006874000 	/System/Library/Frameworks/OpenGL.framework/Versions/A/OpenGL
0x0000000006874000 	/System/Library/PrivateFrameworks/Sharing.framework/Versions/A/Sharing
0x0000000006874000 	/System/Library/Frameworks/CoreGraphics.framework/Versions/A/CoreGraphics
0x0000000006874000 	/System/Library/Frameworks/CoreText.framework/Versions/A/CoreText
0x0000000006874000 	/System/Library/Frameworks/ImageIO.framework/Versions/A/ImageIO
0x0000000006874000 	/usr/lib/libextension.dylib
0x0000000006874000 	/System/Library/PrivateFrameworks/Backup.framework/Versions/A/Backup
0x0000000006874000 	/usr/lib/libarchive.2.dylib
0x0000000006874000 	/System/Library/Frameworks/CFNetwork.framework/Versions/A/CFNetwork
0x0000000006874000 	/System/Library/Frameworks/SystemConfiguration.framework/Versions/A/SystemConfiguration
0x0000000006874000 	/usr/lib/libCRFSuite.dylib
0x0000000006874000 	/usr/lib/libc++.1.dylib
0x0000000006874000 	/usr/lib/libc++abi.dylib
0x0000000006874000 	/usr/lib/system/libcache.dylib
0x0000000006874000 	/usr/lib/system/libcommonCrypto.dylib
0x0000000006874000 	/usr/lib/system/libcompiler_rt.dylib
0x0000000006874000 	/usr/lib/system/libcopyfile.dylib
0x0000000006874000 	/usr/lib/system/libcorecrypto.dylib
0x0000000006874000 	/usr/lib/system/libdispatch.dylib
0x0000000006874000 	/usr/lib/system/libdyld.dylib
0x0000000006874000 	/usr/lib/system/libkeymgr.dylib
0x0000000006874000 	/usr/lib/system/liblaunch.dylib
0x0000000006874000 	/usr/lib/system/libmacho.dylib
0x0000000006874000 	/usr/lib/system/libquarantine.dylib
0x0000000006874000 	/usr/lib/system/libremovefile.dylib
0x0000000006874000 	/usr/lib/system/libsystem_asl.dylib
0x0000000006874000 	/usr/lib/system/libsystem_blocks.dylib
0x0000000006874000 	/usr/lib/system/libsystem_c.dylib
0x0000000006874000 	/usr/lib/system/libsystem_configuration.dylib
0x0000000006874000 	/usr/lib/system/libsystem_coreservices.dylib
0x0000000006874000 	/usr/lib/system/libsystem_coretls.dylib
0x0000000006874000 	/usr/lib/system/libsystem_dnssd.dylib
0x0000000006874000 	/usr/lib/system/libsystem_info.dylib
0x0000000006874000 	/usr/lib/system/libsystem_kernel.dylib
0x0000000006874000 	/usr/lib/system/libsystem_m.dylib
0x0000000006874000 	/usr/lib/system/libsystem_malloc.dylib
0x0000000006874000 	/usr/lib/system/libsystem_network.dylib
0x0000000006874000 	/usr/lib/system/libsystem_networkextension.dylib
0x0000000006874000 	/usr/lib/system/libsystem_notify.dylib
0x0000000006874000 	/usr/lib/system/libsystem_platform.dylib
0x0000000006874000 	/usr/lib/system/libsystem_pthread.dylib
0x0000000006874000 	/usr/lib/system/libsystem_sandbox.dylib
0x0000000006874000 	/usr/lib/system/libsystem_secinit.dylib
0x0000000006874000 	/usr/lib/system/libsystem_stats.dylib
0x0000000006874000 	/usr/lib/system/libsystem_trace.dylib
0x0000000006874000 	/usr/lib/system/libunc.dylib
0x0000000006874000 	/usr/lib/system/libunwind.dylib
0x0000000006874000 	/usr/lib/system/libxpc.dylib
0x0000000006874000 	/usr/lib/libbz2.1.0.dylib
0x0000000006874000 	/usr/lib/liblzma.5.dylib
0x0000000006874000 	/usr/lib/libbsm.0.dylib
0x0000000006874000 	/usr/lib/libsqlite3.dylib
0x0000000006874000 	/usr/lib/system/libkxld.dylib
0x0000000006874000 	/usr/lib/libxar.1.dylib
0x0000000006874000 	/usr/lib/libpam.2.dylib
0x0000000006874000 	/usr/lib/libOpenScriptingUtil.dylib
0x0000000006874000 	/System/Library/Frameworks/CoreServices.framework/Versions/A/Frameworks/FSEvents.framework/Versions/A/FSEvents
0x0000000006874000 	/System/Library/Frameworks/CoreServices.framework/Versions/A/Frameworks/CarbonCore.framework/Versions/A/CarbonCore
0x0000000006874000 	/System/Library/Frameworks/CoreServices.framework/Versions/A/Frameworks/Metadata.framework/Versions/A/Metadata
0x0000000006874000 	/System/Library/Frameworks/CoreServices.framework/Versions/A/Frameworks/OSServices.framework/Versions/A/OSServices
0x0000000006874000 	/System/Library/Frameworks/CoreServices.framework/Versions/A/Frameworks/SearchKit.framework/Versions/A/SearchKit
0x0000000006874000 	/System/Library/Frameworks/CoreServices.framework/Versions/A/Frameworks/AE.framework/Versions/A/AE
0x0000000006874000 	/System/Library/Frameworks/CoreServices.framework/Versions/A/Frameworks/LaunchServices.framework/Versions/A/LaunchServices
0x0000000006874000 	/System/Library/Frameworks/CoreServices.framework/Versions/A/Frameworks/DictionaryServices.framework/Versions/A/DictionaryServices
0x0000000006874000 	/System/Library/Frameworks/NetFS.framework/Versions/A/NetFS
0x0000000006874000 	/System/Library/PrivateFrameworks/NetAuth.framework/Versions/A/NetAuth
0x0000000006874000 	/System/Library/PrivateFrameworks/login.framework/Versions/A/Frameworks/loginsupport.framework/Versions/A/loginsupport
0x0000000006874000 	/System/Library/PrivateFrameworks/TCC.framework/Versions/A/TCC
0x0000000006874000 	/usr/lib/libmecabra.dylib
0x0000000006874000 	/System/Library/Frameworks/ApplicationServices.framework/Versions/A/Frameworks/ATS.framework/Versions/A/ATS
0x0000000006874000 	/System/Library/Frameworks/ApplicationServices.framework/Versions/A/Frameworks/ColorSync.framework/Versions/A/ColorSync
0x0000000006874000 	/System/Library/Frameworks/ApplicationServices.framework/Versions/A/Frameworks/HIServices.framework/Versions/A/HIServices
0x0000000006874000 	/System/Library/Frameworks/ApplicationServices.framework/Versions/A/Frameworks/LangAnalysis.framework/Versions/A/LangAnalysis
0x0000000006874000 	/System/Library/Frameworks/ApplicationServices.framework/Versions/A/Frameworks/PrintCore.framework/Versions/A/PrintCore
0x0000000006874000 	/System/Library/Frameworks/ApplicationServices.framework/Versions/A/Frameworks/QD.framework/Versions/A/QD
0x0000000006874000 	/System/Library/Frameworks/ApplicationServices.framework/Versions/A/Frameworks/SpeechSynthesis.framework/Versions/A/SpeechSynthesis
0x0000000006874000 	/System/Library/Frameworks/Accelerate.framework/Versions/A/Accelerate
0x0000000006874000 	/System/Library/Frameworks/Accelerate.framework/Versions/A/Frameworks/vImage.framework/Versions/A/vImage
0x0000000006874000 	/System/Library/Frameworks/Accelerate.framework/Versions/A/Frameworks/vecLib.framework/Versions/A/vecLib
0x0000000006874000 	/System/Library/Frameworks/Accelerate.framework/Versions/A/Frameworks/vecLib.framework/Versions/A/libvDSP.dylib
0x0000000006874000 	/System/Library/Frameworks/Accelerate.framework/Versions/A/Frameworks/vecLib.framework/Versions/A/libvMisc.dylib
0x0000000006874000 	/System/Library/Frameworks/Accelerate.framework/Versions/A/Frameworks/vecLib.framework/Versions/A/libLAPACK.dylib
0x0000000006874000 	/System/Library/Frameworks/Accelerate.framework/Versions/A/Frameworks/vecLib.framework/Versions/A/libBLAS.dylib
0x0000000006874000 	/System/Library/Frameworks/Accelerate.framework/Versions/A/Frameworks/vecLib.framework/Versions/A/libLinearAlgebra.dylib
0x0000000006874000 	/System/Library/Frameworks/ApplicationServices.framework/Versions/A/Frameworks/ATS.framework/Versions/A/Resources/libFontParser.dylib
0x0000000006874000 	/System/Library/Frameworks/ApplicationServices.framework/Versions/A/Frameworks/ATS.framework/Versions/A/Resources/libFontRegistry.dylib
0x0000000006874000 	/System/Library/PrivateFrameworks/AppleVPA.framework/Versions/A/AppleVPA
0x0000000006874000 	/System/Library/PrivateFrameworks/AppleJPEG.framework/Versions/A/AppleJPEG
0x0000000006874000 	/System/Library/Frameworks/ImageIO.framework/Versions/A/Resources/libJPEG.dylib
0x0000000006874000 	/System/Library/Frameworks/ImageIO.framework/Versions/A/Resources/libTIFF.dylib
0x0000000006874000 	/System/Library/Frameworks/ImageIO.framework/Versions/A/Resources/libPng.dylib
0x0000000006874000 	/System/Library/Frameworks/ImageIO.framework/Versions/A/Resources/libGIF.dylib
0x0000000006874000 	/System/Library/Frameworks/ImageIO.framework/Versions/A/Resources/libJP2.dylib
0x0000000006874000 	/System/Library/Frameworks/ImageIO.framework/Versions/A/Resources/libRadiance.dylib
0x0000000006874000 	/System/Library/Frameworks/CoreVideo.framework/Versions/A/CoreVideo
0x0000000006874000 	/System/Library/Frameworks/OpenGL.framework/Versions/A/Libraries/libGLU.dylib
0x0000000006874000 	/System/Library/Frameworks/OpenGL.framework/Versions/A/Libraries/libGFXShared.dylib
0x0000000006874000 	/System/Library/Frameworks/OpenGL.framework/Versions/A/Libraries/libGL.dylib
0x0000000006874000 	/System/Library/Frameworks/OpenGL.framework/Versions/A/Libraries/libGLImage.dylib
0x0000000006874000 	/System/Library/Frameworks/OpenGL.framework/Versions/A/Libraries/libCVMSPluginSupport.dylib
0x0000000006874000 	/System/Library/Frameworks/OpenGL.framework/Versions/A/Libraries/libCoreVMClient.dylib
0x0000000006874000 	/usr/lib/libcups.2.dylib
0x0000000006874000 	/System/Library/Frameworks/Kerberos.framework/Versions/A/Kerberos
0x0000000006874000 	/System/Library/Frameworks/GSS.framework/Versions/A/GSS
0x0000000006874000 	/usr/lib/libresolv.9.dylib
0x0000000006874000 	/usr/lib/libiconv.2.dylib
0x0000000006874000 	/System/Library/PrivateFrameworks/Heimdal.framework/Versions/A/Heimdal
0x0000000006874000 	/usr/lib/libheimdal-asn1.dylib
0x0000000006874000 	/System/Library/Frameworks/OpenDirectory.framework/Versions/A/OpenDirectory
0x0000000006874000 	/System/Library/PrivateFrameworks/CommonAuth.framework/Versions/A/CommonAuth
0x0000000006874000 	/System/Library/Frameworks/OpenDirectory.framework/Versions/A/Frameworks/CFOpenDirectory.framework/Versions/A/CFOpenDirectory
0x0000000006874000 	/System/Library/Frameworks/SecurityFoundation.framework/Versions/A/SecurityFoundation
0x0000000006874000 	/System/Library/PrivateFrameworks/LanguageModeling.framework/Versions/A/LanguageModeling
0x0000000006874000 	/usr/lib/libcmph.dylib
0x0000000006874000 	/System/Library/Frameworks/ServiceManagement.framework/Versions/A/ServiceManagement
0x0000000006874000 	/usr/lib/libxslt.1.dylib
0x0000000006874000 	/System/Library/Frameworks/Carbon.framework/Versions/A/Frameworks/Ink.framework/Versions/A/Ink
0x0000000006874000 	/System/Library/Frameworks/QuartzCore.framework/Versions/A/Frameworks/CoreImage.framework/Versions/A/CoreImage
0x0000000006874000 	/System/Library/PrivateFrameworks/CrashReporterSupport.framework/Versions/A/CrashReporterSupport
0x0000000006874000 	/System/Library/Frameworks/OpenCL.framework/Versions/A/OpenCL
0x0000000006874000 	/System/Library/PrivateFrameworks/FaceCore.framework/Versions/A/FaceCore
0x0000000006874000 	/System/Library/PrivateFrameworks/Ubiquity.framework/Versions/A/Ubiquity
0x0000000006874000 	/System/Library/PrivateFrameworks/IconServices.framework/Versions/A/IconServices
0x0000000006874000 	/System/Library/PrivateFrameworks/ChunkingLibrary.framework/Versions/A/ChunkingLibrary
0x0000000006874000 	/System/Library/PrivateFrameworks/Apple80211.framework/Versions/A/Apple80211
0x0000000006874000 	/System/Library/Frameworks/CoreWLAN.framework/Versions/A/CoreWLAN
0x0000000006874000 	/System/Library/Frameworks/IOBluetooth.framework/Versions/A/IOBluetooth
0x0000000006874000 	/System/Library/PrivateFrameworks/CoreWiFi.framework/Versions/A/CoreWiFi
0x0000000006874000 	/System/Library/Frameworks/CoreBluetooth.framework/Versions/A/CoreBluetooth
0x0000000006874000 	/System/Library/PrivateFrameworks/DebugSymbols.framework/Versions/A/DebugSymbols
0x0000000006874000 	/System/Library/PrivateFrameworks/CoreSymbolication.framework/Versions/A/CoreSymbolication
0x0000000006874000 	/System/Library/PrivateFrameworks/Symbolication.framework/Versions/A/Symbolication
0x0000000006874000 	/System/Library/PrivateFrameworks/SpeechRecognitionCore.framework/Versions/A/SpeechRecognitionCore
0x0000000105a2e000 	/Library/Java/JavaVirtualMachines/jdk1.8.0_111.jdk/Contents/Home/jre/lib/server/libjvm.dylib
0x0000000006874000 	/usr/lib/libstdc++.6.dylib
0x0000000106ad2000 	/Library/Java/JavaVirtualMachines/jdk1.8.0_111.jdk/Contents/Home/jre/lib/libverify.dylib
0x0000000106ae0000 	/Library/Java/JavaVirtualMachines/jdk1.8.0_111.jdk/Contents/Home/jre/lib/libjava.dylib
0x0000000106b36000 	/Library/Java/JavaVirtualMachines/jdk1.8.0_111.jdk/Contents/Home/jre/lib/libzip.dylib
0x000000011d3cd000 	/System/Library/Frameworks/JavaVM.framework/Frameworks/JavaRuntimeSupport.framework/JavaRuntimeSupport
0x0000000106beb000 	/System/Library/Frameworks/JavaVM.framework/Versions/A/Frameworks/JavaNativeFoundation.framework/Versions/A/JavaNativeFoundation
0x000000011d3e3000 	/System/Library/Frameworks/JavaVM.framework/Versions/A/JavaVM
0x0000000006874000 	/System/Library/Frameworks/Carbon.framework/Versions/A/Carbon
0x000000011d3ef000 	/System/Library/PrivateFrameworks/JavaLaunching.framework/Versions/A/JavaLaunching
0x0000000006874000 	/System/Library/Frameworks/Carbon.framework/Versions/A/Frameworks/CommonPanels.framework/Versions/A/CommonPanels
0x0000000006874000 	/System/Library/Frameworks/Carbon.framework/Versions/A/Frameworks/Help.framework/Versions/A/Help
0x0000000006874000 	/System/Library/Frameworks/Carbon.framework/Versions/A/Frameworks/ImageCapture.framework/Versions/A/ImageCapture
0x0000000006874000 	/System/Library/Frameworks/Carbon.framework/Versions/A/Frameworks/OpenScripting.framework/Versions/A/OpenScripting
0x0000000006874000 	/System/Library/Frameworks/Carbon.framework/Versions/A/Frameworks/Print.framework/Versions/A/Print
0x0000000006874000 	/System/Library/Frameworks/Carbon.framework/Versions/A/Frameworks/SecurityHI.framework/Versions/A/SecurityHI
0x000000011f405000 	/Applications/IntelliJ IDEA CE.app/Contents/bin/libbreakgen64.jnilib
0x000000011f5a1000 	/Library/Java/JavaVirtualMachines/jdk1.8.0_111.jdk/Contents/Home/jre/lib/libnet.dylib
0x000000011f806000 	/Library/Java/JavaVirtualMachines/jdk1.8.0_111.jdk/Contents/Home/jre/lib/libprism_es2.dylib
0x0000000006874000 	/System/Library/Frameworks/OpenGL.framework/Versions/A/Resources/GLEngine.bundle/GLEngine
0x0000000006874000 	/System/Library/Frameworks/OpenGL.framework/Versions/A/Libraries/libGLProgrammability.dylib
0x000000011f888000 	/System/Library/Extensions/AppleIntelHD5000GraphicsGLDriver.bundle/Contents/MacOS/AppleIntelHD5000GraphicsGLDriver
0x0000000006874000 	/System/Library/PrivateFrameworks/IOAccelerator.framework/Versions/A/IOAccelerator
0x0000000006874000 	/System/Library/PrivateFrameworks/GPUSupport.framework/Versions/A/Libraries/libGPUSupportMercury.dylib
0x0000000006874000 	/System/Library/Frameworks/OpenGL.framework/Versions/A/Resources/GLRendererFloat.bundle/GLRendererFloat
0x0000000006874000 	/System/Library/Frameworks/OpenCL.framework/Versions/A/Libraries/libcldcpuengine.dylib
0x0000000006874000 	/System/Library/PrivateFrameworks/DiskImages.framework/Versions/A/DiskImages
0x0000000006874000 	/System/Library/Frameworks/DiscRecording.framework/Versions/A/DiscRecording
0x0000000006874000 	/usr/lib/libcsfde.dylib
0x0000000006874000 	/usr/lib/libcurl.4.dylib
0x0000000006874000 	/System/Library/PrivateFrameworks/MediaKit.framework/Versions/A/MediaKit
0x0000000006874000 	/System/Library/PrivateFrameworks/ProtectedCloudStorage.framework/Versions/A/ProtectedCloudStorage
0x0000000006874000 	/usr/lib/libCoreStorage.dylib
0x0000000006874000 	/System/Library/PrivateFrameworks/EFILogin.framework/Versions/A/EFILogin
0x0000000006874000 	/usr/lib/libutil.dylib
0x0000000006874000 	/System/Library/PrivateFrameworks/FindMyDevice.framework/Versions/A/FindMyDevice
0x0000000006874000 	/System/Library/Frameworks/LDAP.framework/Versions/A/LDAP
0x0000000006874000 	/usr/lib/libsasl2.2.dylib
0x0000000006874000 	/System/Library/PrivateFrameworks/CoreDaemon.framework/Versions/B/CoreDaemon
0x0000000006874000 	/usr/lib/libcrypto.0.9.8.dylib
0x0000000006874000 	/System/Library/PrivateFrameworks/AppleSRP.framework/Versions/A/AppleSRP
0x0000000006874000 	/System/Library/PrivateFrameworks/TrustEvaluationAgent.framework/Versions/A/TrustEvaluationAgent
0x000000012039f000 	/Library/Java/JavaVirtualMachines/jdk1.8.0_111.jdk/Contents/Home/jre/lib/libglass.dylib
0x0000000006874000 	/System/Library/PrivateFrameworks/CoreServicesInternal.framework/Versions/A/CoreServicesInternal
0x0000000006874000 	/System/Library/PrivateFrameworks/CloudDocs.framework/Versions/A/CloudDocs
0x0000000006874000 	/System/Library/PrivateFrameworks/CoreDuet.framework/Versions/A/CoreDuet
0x0000000006874000 	/System/Library/Frameworks/CloudKit.framework/Versions/A/CloudKit
0x0000000006874000 	/System/Library/PrivateFrameworks/ProtocolBuffer.framework/Versions/A/ProtocolBuffer
0x0000000006874000 	/System/Library/PrivateFrameworks/CoreDuetDaemonProtocol.framework/Versions/A/CoreDuetDaemonProtocol
0x0000000006874000 	/System/Library/PrivateFrameworks/CoreDuetDebugLogging.framework/Versions/A/CoreDuetDebugLogging
0x0000000006874000 	/System/Library/PrivateFrameworks/MMCS.framework/Versions/A/MMCS
0x0000000006874000 	/System/Library/Frameworks/CoreLocation.framework/Versions/A/CoreLocation
0x0000000006874000 	/System/Library/PrivateFrameworks/GeoServices.framework/Versions/A/GeoServices
0x0000000006874000 	/System/Library/Frameworks/CoreGraphics.framework/Versions/A/Resources/libCGCMS.A.dylib
0x0000000006874000 	/System/Library/CoreServices/RawCamera.bundle/Contents/MacOS/RawCamera
0x0000000006874000 	/System/Library/Frameworks/CoreGraphics.framework/Versions/A/Resources/libRIP.A.dylib
0x0000000006874000 	/System/Library/PrivateFrameworks/FamilyControls.framework/Versions/A/FamilyControls
0x0000000006874000 	/System/Library/PrivateFrameworks/CommerceKit.framework/Versions/A/Frameworks/CommerceCore.framework/Versions/A/CommerceCore
0x0000000006874000 	/System/Library/PrivateFrameworks/SystemAdministration.framework/Versions/A/SystemAdministration
0x0000000006874000 	/System/Library/PrivateFrameworks/AppContainer.framework/Versions/A/AppContainer
0x0000000006874000 	/System/Library/PrivateFrameworks/SecCodeWrapper.framework/Versions/A/SecCodeWrapper
0x0000000006874000 	/System/Library/Frameworks/DirectoryService.framework/Versions/A/DirectoryService
0x0000000006874000 	/System/Library/PrivateFrameworks/LoginUIKit.framework/Versions/A/Frameworks/LoginUICore.framework/Versions/A/LoginUICore
0x0000000006874000 	/usr/lib/libodfde.dylib
0x0000000124730000 	/Library/Java/JavaVirtualMachines/jdk1.8.0_111.jdk/Contents/Home/jre/lib/libjfxwebkit.dylib
0x0000000126d83000 	/Library/Java/JavaVirtualMachines/jdk1.8.0_111.jdk/Contents/Home/jre/lib/libnio.dylib
0x00000001270bc000 	/Library/Java/JavaVirtualMachines/jdk1.8.0_111.jdk/Contents/Home/jre/lib/libjavafx_font.dylib
0x00000001270c6000 	/Library/Java/JavaVirtualMachines/jdk1.8.0_111.jdk/Contents/Home/jre/lib/libsunec.dylib
0x0000000006874000 	/System/Library/Frameworks/CoreGraphics.framework/Versions/A/Resources/libCGXType.A.dylib
0x0000000128584000 	cl_kernels
0x0000000128586000 	/System/Library/Frameworks/OpenCL.framework/Versions/A/Libraries/ImageFormats/unorm8_bgra.dylib
0x0000000128576000 	cl_kernels
0x0000000128a25000 	/Library/Java/JavaVirtualMachines/jdk1.8.0_111.jdk/Contents/Home/jre/lib/libprism_common.dylib
0x000000012eef0000 	/Library/Java/JavaVirtualMachines/jdk1.8.0_111.jdk/Contents/Home/jre/lib/libglib-lite.dylib
0x000000012f011000 	/Library/Java/JavaVirtualMachines/jdk1.8.0_111.jdk/Contents/Home/jre/lib/libgstreamer-lite.dylib
0x000000012f18a000 	/Library/Java/JavaVirtualMachines/jdk1.8.0_111.jdk/Contents/Home/jre/lib/libjfxmedia.dylib
0x000000012f1c5000 	/Library/Java/JavaVirtualMachines/jdk1.8.0_111.jdk/Contents/Home/jre/lib/libjfxmedia_avf.dylib
0x0000000006874000 	/System/Library/Frameworks/AVFoundation.framework/Versions/A/AVFoundation
0x0000000006874000 	/System/Library/Frameworks/CoreMedia.framework/Versions/A/CoreMedia
0x0000000006874000 	/System/Library/Frameworks/MediaToolbox.framework/Versions/A/MediaToolbox
0x0000000006874000 	/System/Library/Frameworks/AVFoundation.framework/Versions/A/Resources/libAVFAudio.dylib
0x0000000006874000 	/System/Library/Frameworks/VideoToolbox.framework/Versions/A/VideoToolbox
0x0000000006874000 	/System/Library/Frameworks/CoreMediaIO.framework/Versions/A/CoreMediaIO
0x0000000006874000 	/System/Library/PrivateFrameworks/MediaControlSender.framework/Versions/A/MediaControlSender
0x0000000006874000 	/System/Library/PrivateFrameworks/CoreAVCHD.framework/Versions/A/CoreAVCHD
0x0000000006874000 	/System/Library/Frameworks/MediaAccessibility.framework/Versions/A/MediaAccessibility
0x0000000006874000 	/System/Library/PrivateFrameworks/Mangrove.framework/Versions/A/Mangrove
0x0000000006874000 	/System/Library/PrivateFrameworks/CoreAUC.framework/Versions/A/CoreAUC
0x0000000006874000 	/System/Library/PrivateFrameworks/NetworkStatistics.framework/Versions/A/NetworkStatistics
0x0000000006874000 	/System/Library/PrivateFrameworks/AirPlaySupport.framework/Versions/A/AirPlaySupport
0x0000000006874000 	/System/Library/PrivateFrameworks/CoreUtils.framework/Versions/A/CoreUtils
0x0000000006874000 	/System/Library/PrivateFrameworks/AppleVA.framework/Versions/A/AppleVA
0x0000000006874000 	/System/Library/PrivateFrameworks/XPCService.framework/Versions/A/XPCService
0x0000000006874000 	/System/Library/PrivateFrameworks/AppSandbox.framework/Versions/A/AppSandbox
0x0000000006874000 	/usr/lib/libsandbox.1.dylib
0x0000000006874000 	/usr/lib/libMatch.1.dylib
0x000000012a3c2000 	/Library/Java/JavaVirtualMachines/jdk1.8.0_111.jdk/Contents/Home/jre/lib/libjfxmedia_qtkit.dylib
0x0000000006874000 	/System/Library/Frameworks/QTKit.framework/Versions/A/QTKit
0x0000000006874000 	/System/Library/PrivateFrameworks/CoreMediaAuthoring.framework/Versions/A/CoreMediaAuthoring
0x00000001363f0000 	/Library/Java/JavaVirtualMachines/jdk1.8.0_111.jdk/Contents/Home/jre/lib/libjavafx_iio.dylib

VM Arguments:
jvm_args: -Didea.launcher.port=7534 -Didea.launcher.bin.path=/Applications/IntelliJ IDEA CE.app/Contents/bin -Dfile.encoding=UTF-8 
java_command: com.intellij.rt.execution.application.AppMain app.Main
java_class_path (initial): /Library/Java/JavaVirtualMachines/jdk1.8.0_111.jdk/Contents/Home/jre/lib/charsets.jar:/Library/Java/JavaVirtualMachines/jdk1.8.0_111.jdk/Contents/Home/jre/lib/deploy.jar:/Library/Java/JavaVirtualMachines/jdk1.8.0_111.jdk/Contents/Home/jre/lib/ext/cldrdata.jar:/Library/Java/JavaVirtualMachines/jdk1.8.0_111.jdk/Contents/Home/jre/lib/ext/dnsns.jar:/Library/Java/JavaVirtualMachines/jdk1.8.0_111.jdk/Contents/Home/jre/lib/ext/jaccess.jar:/Library/Java/JavaVirtualMachines/jdk1.8.0_111.jdk/Contents/Home/jre/lib/ext/jfxrt.jar:/Library/Java/JavaVirtualMachines/jdk1.8.0_111.jdk/Contents/Home/jre/lib/ext/localedata.jar:/Library/Java/JavaVirtualMachines/jdk1.8.0_111.jdk/Contents/Home/jre/lib/ext/nashorn.jar:/Library/Java/JavaVirtualMachines/jdk1.8.0_111.jdk/Contents/Home/jre/lib/ext/sunec.jar:/Library/Java/JavaVirtualMachines/jdk1.8.0_111.jdk/Contents/Home/jre/lib/ext/sunjce_provider.jar:/Library/Java/JavaVirtualMachines/jdk1.8.0_111.jdk/Contents/Home/jre/lib/ext/sunpkcs11.jar:/Library/Java/JavaVirtualMachines/jdk1.8.0_111.jdk/Contents/Home/jre/lib/ext/zipfs.jar:/Library/Java/JavaVirtualMachines/jdk1.8.0_111.jdk/Contents/Home/jre/lib/javaws.jar:/Library/Java/JavaVirtualMachines/jdk1.8.0_111.jdk/Contents/Home/jre/lib/jce.jar:/Library/Java/JavaVirtualMachines/jdk1.8.0_111.jdk/Contents/Home/jre/lib/jfr.jar:/Library/Java/JavaVirtualMachines/jdk1.8.0_111.jdk/Contents/Home/jre/lib/jfxswt.jar:/Library/Java/JavaVirtualMachines/jdk1.8.0_111.jdk/Contents/Home/jre/lib/jsse.jar:/Library/Java/JavaVirtualMachines/jdk1.8.0_111.jdk/Contents/Home/jre/lib/management-agent.jar:/Library/Java/JavaVirtualMachines/jdk1.8.0_111.jdk/Contents/Home/jre/lib/plugin.jar:/Library/Java/JavaVirtualMachines/jdk1.8.0_111.jdk/Contents/Home/jre/lib/resources.jar:/Library/Java/JavaVirtualMachines/jdk1.8.0_111.jdk/Contents/Home/jre/lib/rt.jar:/Library/Java/JavaVirtualMachines/jdk1.8.0_111.jdk/Contents/Home/lib/ant-javafx.jar:/Library/Java/JavaVirtualMachines/jdk1.8.0_111.jdk/Contents/Home
Launcher Type: SUN_STANDARD

Environment Variables:
PATH=/Users/baltzarmattsson/.rvm/gems/ruby-1.9.3-p551/bin:/Users/baltzarmattsson/.rvm/gems/ruby-1.9.3-p551@global/bin:/Users/baltzarmattsson/.rvm/rubies/ruby-1.9.3-p551/bin:/usr/local/bin:/usr/bin:/bin:/usr/sbin:/sbin:/Library/Frameworks/Mono.framework/Versions/Current/Commands:/Users/baltzarmattsson/.rvm/bin
SHELL=/bin/bash

Signal Handlers:
SIGSEGV: [libjvm.dylib+0x5b03ed], sa_mask[0]=11111111011111110111111111111111, sa_flags=SA_ONSTACK|SA_RESTART|SA_SIGINFO
SIGBUS: [libjvm.dylib+0x5b03ed], sa_mask[0]=11111111011111110111111111111111, sa_flags=SA_RESTART|SA_SIGINFO
SIGFPE: [libjvm.dylib+0x48711c], sa_mask[0]=11111111011111110111111111111111, sa_flags=SA_RESTART|SA_SIGINFO
SIGPIPE: [libjvm.dylib+0x48711c], sa_mask[0]=11111111011111110111111111111111, sa_flags=SA_RESTART|SA_SIGINFO
SIGXFSZ: [libjvm.dylib+0x48711c], sa_mask[0]=11111111011111110111111111111111, sa_flags=SA_RESTART|SA_SIGINFO
SIGILL: [libjvm.dylib+0x48711c], sa_mask[0]=11111111011111110111111111111111, sa_flags=SA_RESTART|SA_SIGINFO
SIGUSR1: SIG_DFL, sa_mask[0]=00000000000000000000000000000000, sa_flags=none
SIGUSR2: [libjvm.dylib+0x486c3a], sa_mask[0]=00100000000000000000000000000000, sa_flags=SA_RESTART|SA_SIGINFO
SIGHUP: [libjvm.dylib+0x485211], sa_mask[0]=11111111011111110111111111111111, sa_flags=SA_RESTART|SA_SIGINFO
SIGINT: [libjvm.dylib+0x485211], sa_mask[0]=11111111011111110111111111111111, sa_flags=SA_RESTART|SA_SIGINFO
SIGTERM: [libjvm.dylib+0x485211], sa_mask[0]=11111111011111110111111111111111, sa_flags=SA_RESTART|SA_SIGINFO
SIGQUIT: [libjvm.dylib+0x485211], sa_mask[0]=11111111011111110111111111111111, sa_flags=SA_RESTART|SA_SIGINFO


---------------  S Y S T E M  ---------------

OS:Bsduname:Darwin 14.5.0 Darwin Kernel Version 14.5.0: Sun Sep 25 22:07:15 PDT 2016; root:xnu-2782.50.9~1/RELEASE_X86_64 x86_64
rlimit: STACK 8192k, CORE 0k, NPROC 709, NOFILE 10240, AS infinity
load average:2.80 2.56 2.63

CPU:total 4 (2 cores per cpu, 2 threads per core) family 6 model 69 stepping 1, cmov, cx8, fxsr, mmx, sse, sse2, sse3, ssse3, sse4.1, sse4.2, popcnt, avx, avx2, aes, clmul, erms, lzcnt, ht, tsc, tscinvbit, bmi1, bmi2

Memory: 4k page, physical 8388608k(29512k free)

/proc/meminfo:


vm_info: Java HotSpot(TM) 64-Bit Server VM (25.111-b14) for bsd-amd64 JRE (1.8.0_111-b14), built on Sep 22 2016 15:31:41 by "java_re" with gcc 4.2.1 (Based on Apple Inc. build 5658) (LLVM build 2336.11.00)

time: Tue Nov 22 16:54:44 2016
elapsed time: 12 seconds (0d 0h 0m 12s)

