#
# A fatal error has been detected by the Java Runtime Environment:
#
#  EXCEPTION_ACCESS_VIOLATION (0xc0000005) at pc=0x0000000072808791, pid=7764, tid=0x0000000000001360
#
# JRE version: Java(TM) SE Runtime Environment (8.0_111-b14) (build 1.8.0_111-b14)
# Java VM: Java HotSpot(TM) 64-Bit Server VM (25.111-b14 mixed mode windows-amd64 compressed oops)
# Problematic frame:
# C  [jfxwebkit.dll+0x4f8791]
#
# Failed to write core dump. Minidumps are not enabled by default on client versions of Windows
#
# If you would like to submit a bug report, please visit:
#   http://bugreport.java.com/bugreport/crash.jsp
# The crash happened outside the Java Virtual Machine in native code.
# See problematic frame for where to report the bug.
#

---------------  T H R E A D  ---------------

Current thread (0x000000001904c000):  JavaThread "JavaFX Application Thread" [_thread_in_native, id=4960, stack(0x0000000019ec0000,0x0000000019fc0000)]

siginfo: ExceptionCode=0xc0000005, reading address 0x000000000000001c

Registers:
RAX=0x0000000000000000, RBX=0x0000000000000000, RCX=0x0000000025b5cc90, RDX=0x000000000641001a
RSP=0x0000000019fbc9e0, RBP=0x0000000000000001, RSI=0x00000000342e9460, RDI=0x0000000000000000
R8 =0x0000000000180f00, R9 =0x0000000000000000, R10=0x0000000000000000, R11=0x0000000000000064
R12=0x0000000000000405, R13=0x0000000025959de0, R14=0x0000000019fbcb18, R15=0x0000000000000000
RIP=0x0000000072808791, EFLAGS=0x0000000000010246

Top of Stack: (sp=0x0000000019fbc9e0)
0x0000000019fbc9e0:   0000000000000000 0000000000000000
0x0000000019fbc9f0:   00000000359d3bd0 0000000000000010
0x0000000019fbca00:   0000000000000000 00000000000000c0
0x0000000019fbca10:   0000000000000000 0000000000000000
0x0000000019fbca20:   fffffffffffffffe 0000000000000000
0x0000000019fbca30:   0000000025959de0 0000000025959e50
0x0000000019fbca40:   00009a7aea16c601 0000000029ae60a0
0x0000000019fbca50:   00000000359d3bd0 0000000029ee7128
0x0000000019fbca60:   00000000006594c0 0000000019fbcbe8
0x0000000019fbca70:   00000000359d3bd0 0000000029f05430
0x0000000019fbca80:   0000000000000000 00000000727bf64e
0x0000000019fbca90:   0000000019fbcb18 0000000019fbcb18
0x0000000019fbcaa0:   00000000359d3bd0 0000000000000000
0x0000000019fbcab0:   0000000000000000 00000000000000b0
0x0000000019fbcac0:   0000000029f05430 00000000358a9cbc
0x0000000019fbcad0:   0000000029ee7128 0000000072b57970 

Instructions: (pc=0x0000000072808791)
0x0000000072808771:   01 00 00 00 ff 10 48 ff c7 49 ff cf 0f 85 c4 fe
0x0000000072808781:   ff ff 4c 8b b4 24 b8 00 00 00 33 ff 49 8b 45 08
0x0000000072808791:   83 78 1c 00 74 0d 49 89 06 48 85 c0 74 08 ff 40
0x00000000728087a1:   08 eb 03 49 89 3e 49 8b c6 48 8b 9c 24 b0 00 00 


Register to memory mapping:

RAX=0x0000000000000000 is an unknown value
RBX=0x0000000000000000 is an unknown value
RCX=0x0000000025b5cc90 is an unknown value
RDX=0x000000000641001a is an unknown value
RSP=0x0000000019fbc9e0 is pointing into the stack for thread: 0x000000001904c000
RBP=0x0000000000000001 is an unknown value
RSI=0x00000000342e9460 is an unknown value
RDI=0x0000000000000000 is an unknown value
R8 =0x0000000000180f00 is an unknown value
R9 =0x0000000000000000 is an unknown value
R10=0x0000000000000000 is an unknown value
R11=0x0000000000000064 is an unknown value
R12=0x0000000000000405 is an unknown value
R13=0x0000000025959de0 is an unknown value
R14=0x0000000019fbcb18 is pointing into the stack for thread: 0x000000001904c000
R15=0x0000000000000000 is an unknown value


Stack: [0x0000000019ec0000,0x0000000019fc0000],  sp=0x0000000019fbc9e0,  free space=1010k
Native frames: (J=compiled Java code, j=interpreted, Vv=VM code, C=native code)
C  [jfxwebkit.dll+0x4f8791]
C  [jfxwebkit.dll+0x4af64e]
C  [jfxwebkit.dll+0x847970]
C  [jfxwebkit.dll+0x83b386]
C  [jfxwebkit.dll+0x9fadd4]
C  [jfxwebkit.dll+0x9d6b78]
C  [jfxwebkit.dll+0x9d5e49]
C  [jfxwebkit.dll+0x9d7e91]
C  [jfxwebkit.dll+0x9422c9]
C  [jfxwebkit.dll+0x942003]
C  [jfxwebkit.dll+0xa0aef8]
C  [jfxwebkit.dll+0xa0b44a]
C  [jfxwebkit.dll+0xa0b6d2]
C  [jfxwebkit.dll+0xa0b6d2]
C  [jfxwebkit.dll+0xa0b6d2]
C  [jfxwebkit.dll+0xa0b6d2]
C  [jfxwebkit.dll+0xa0b6d2]
C  [jfxwebkit.dll+0xa0b6d2]
C  [jfxwebkit.dll+0xa0b6d2]
C  [jfxwebkit.dll+0xa0b6d2]
C  [jfxwebkit.dll+0xa0b6d2]
C  [jfxwebkit.dll+0xa0b6d2]
C  [jfxwebkit.dll+0xa0b6d2]
C  [jfxwebkit.dll+0xa0b6d2]
C  [jfxwebkit.dll+0xa0b330]
C  [jfxwebkit.dll+0x585e65]
C  [jfxwebkit.dll+0x58b68c]
C  [jfxwebkit.dll+0x813c57]
C  0x0000000002427f74

Java frames: (J=compiled Java code, j=interpreted, Vv=VM code)
j  com.sun.webkit.WebPage.twkPrePaint(J)V+0
j  com.sun.webkit.WebPage.updateDirty(Lcom/sun/webkit/graphics/WCRectangle;)V+117
j  com.sun.webkit.WebPage.updateContent(Lcom/sun/webkit/graphics/WCRectangle;)V+48
j  com.sun.javafx.sg.prism.web.NGWebView.update()V+68
J 4015 C1 javafx.scene.web.WebView.handleStagePulse()V (75 bytes) @ 0x0000000002963c44 [0x0000000002963240+0xa04]
J 3299 C1 javafx.scene.web.WebView$$Lambda$97.pulse()V (8 bytes) @ 0x0000000002dc1e8c [0x0000000002dc1dc0+0xcc]
J 1583 C1 com.sun.javafx.tk.Toolkit$$Lambda$203.run()Ljava/lang/Object; (8 bytes) @ 0x00000000028ea7cc [0x00000000028ea680+0x14c]
v  ~StubRoutines::call_stub
J 1367  java.security.AccessController.doPrivileged(Ljava/security/PrivilegedAction;Ljava/security/AccessControlContext;)Ljava/lang/Object; (0 bytes) @ 0x0000000002886026 [0x0000000002885fc0+0x66]
J 4014 C1 com.sun.javafx.tk.Toolkit.firePulse()V (279 bytes) @ 0x0000000002f94004 [0x0000000002f92dc0+0x1244]
J 3103 C1 com.sun.javafx.tk.quantum.QuantumToolkit.pulse(Z)V (164 bytes) @ 0x0000000002d34384 [0x0000000002d33d40+0x644]
J 3110 C1 com.sun.javafx.tk.quantum.QuantumToolkit$$Lambda$44.run()V (8 bytes) @ 0x0000000002d36b54 [0x0000000002d36940+0x214]
J 2140 C1 com.sun.glass.ui.InvokeLaterDispatcher$Future.run()V (91 bytes) @ 0x0000000002a9740c [0x0000000002a97300+0x10c]
v  ~StubRoutines::call_stub
j  com.sun.glass.ui.win.WinApplication._runLoop(Ljava/lang/Runnable;)V+0
j  com.sun.glass.ui.win.WinApplication.lambda$null$148(ILjava/lang/Runnable;)V+8
j  com.sun.glass.ui.win.WinApplication$$Lambda$40.run()V+12
j  java.lang.Thread.run()V+11
v  ~StubRoutines::call_stub

---------------  P R O C E S S  ---------------

Java Threads: ( => current thread )
  0x00000000196a1800 JavaThread "Thread-17" daemon [_thread_blocked, id=964, stack(0x0000000037590000,0x0000000037690000)]
  0x0000000019699000 JavaThread "Thread-16" daemon [_thread_blocked, id=156, stack(0x0000000037190000,0x0000000037290000)]
  0x000000001962d000 JavaThread "URL-Loader-32" daemon [_thread_blocked, id=3280, stack(0x00000000337b0000,0x00000000338b0000)]
  0x0000000019631800 JavaThread "URL-Loader-31" daemon [_thread_blocked, id=6052, stack(0x00000000336b0000,0x00000000337b0000)]
  0x0000000019630800 JavaThread "URL-Loader-30" daemon [_thread_blocked, id=5408, stack(0x00000000335b0000,0x00000000336b0000)]
  0x000000001962f000 JavaThread "URL-Loader-29" daemon [_thread_blocked, id=3140, stack(0x00000000334b0000,0x00000000335b0000)]
  0x000000001962c000 JavaThread "URL-Loader-28" daemon [_thread_blocked, id=6268, stack(0x0000000032bb0000,0x0000000032cb0000)]
  0x0000000019632000 JavaThread "URL-Loader-27" daemon [_thread_blocked, id=8104, stack(0x0000000032ab0000,0x0000000032bb0000)]
  0x00000000196a7800 JavaThread "URL-Loader-26" daemon [_thread_blocked, id=7204, stack(0x0000000032880000,0x0000000032980000)]
  0x00000000196a5800 JavaThread "URL-Loader-25" daemon [_thread_blocked, id=4572, stack(0x0000000032780000,0x0000000032880000)]
  0x000000001969d000 JavaThread "URL-Loader-24" daemon [_thread_blocked, id=7612, stack(0x0000000032680000,0x0000000032780000)]
  0x00000000196a4000 JavaThread "URL-Loader-23" daemon [_thread_blocked, id=6672, stack(0x0000000032580000,0x0000000032680000)]
  0x000000001969b800 JavaThread "URL-Loader-22" daemon [_thread_blocked, id=6040, stack(0x0000000032280000,0x0000000032380000)]
  0x00000000196a2000 JavaThread "URL-Loader-21" daemon [_thread_blocked, id=1784, stack(0x0000000032180000,0x0000000032280000)]
  0x00000000196a0000 JavaThread "Keep-Alive-Timer" daemon [_thread_blocked, id=4632, stack(0x0000000032080000,0x0000000032180000)]
  0x00000000196a6000 JavaThread "Thread-7" daemon [_thread_in_native, id=896, stack(0x00000000286f0000,0x00000000287f0000)]
  0x00000000196a4800 JavaThread "URL-Loader-19" daemon [_thread_blocked, id=3408, stack(0x00000000283f0000,0x00000000284f0000)]
  0x0000000019698800 JavaThread "URL-Loader-17" daemon [_thread_blocked, id=7760, stack(0x0000000027ef0000,0x0000000027ff0000)]
  0x000000001969f000 JavaThread "URL-Loader-16" daemon [_thread_blocked, id=7604, stack(0x00000000270e0000,0x00000000271e0000)]
  0x000000001969c000 JavaThread "Watchdog-Timer-1" daemon [_thread_blocked, id=2500, stack(0x0000000025d20000,0x0000000025e20000)]
  0x000000001969a000 JavaThread "URL-Loader-13" daemon [_thread_blocked, id=4516, stack(0x00000000252e0000,0x00000000253e0000)]
  0x000000001969e800 JavaThread "URL-Loader-12" daemon [_thread_blocked, id=972, stack(0x00000000251e0000,0x00000000252e0000)]
  0x0000000019630000 JavaThread "URL-Loader-6" daemon [_thread_blocked, id=7288, stack(0x0000000024be0000,0x0000000024ce0000)]
  0x000000001962d800 JavaThread "URL-Loader-4" daemon [_thread_blocked, id=6416, stack(0x00000000248e0000,0x00000000249e0000)]
  0x0000000019633000 JavaThread "URL-Loader-2" daemon [_thread_blocked, id=4860, stack(0x00000000246e0000,0x00000000247e0000)]
  0x00000000192c9000 JavaThread "Prism Font Disposer" daemon [_thread_blocked, id=4664, stack(0x0000000021000000,0x0000000021100000)]
  0x0000000019239800 JavaThread "Thread-5" daemon [_thread_blocked, id=7192, stack(0x000000001f460000,0x000000001f560000)]
  0x000000001923b000 JavaThread "Disposer" daemon [_thread_blocked, id=8060, stack(0x000000001f260000,0x000000001f360000)]
  0x00000000190a6800 JavaThread "Thread-3" daemon [_thread_in_native, id=7944, stack(0x000000001e470000,0x000000001e570000)]
=>0x000000001904c000 JavaThread "JavaFX Application Thread" [_thread_in_native, id=4960, stack(0x0000000019ec0000,0x0000000019fc0000)]
  0x0000000019057000 JavaThread "Thread-2" daemon [_thread_blocked, id=172, stack(0x0000000019dc0000,0x0000000019ec0000)]
  0x0000000018ff9800 JavaThread "QuantumRenderer-0" daemon [_thread_blocked, id=3352, stack(0x00000000198d0000,0x00000000199d0000)]
  0x0000000018ca7800 JavaThread "JavaFX-Launcher" [_thread_blocked, id=6384, stack(0x00000000197d0000,0x00000000198d0000)]
  0x00000000189c5800 JavaThread "Monitor Ctrl-Break" daemon [_thread_in_native, id=4456, stack(0x0000000018ed0000,0x0000000018fd0000)]
  0x0000000016fcd800 JavaThread "Service Thread" daemon [_thread_blocked, id=7928, stack(0x0000000018cd0000,0x0000000018dd0000)]
  0x0000000016f78800 JavaThread "C1 CompilerThread2" daemon [_thread_blocked, id=7484, stack(0x00000000187d0000,0x00000000188d0000)]
  0x0000000016f71000 JavaThread "C2 CompilerThread1" daemon [_thread_in_native, id=32, stack(0x00000000186d0000,0x00000000187d0000)]
  0x0000000016f6f000 JavaThread "C2 CompilerThread0" daemon [_thread_blocked, id=3380, stack(0x00000000185d0000,0x00000000186d0000)]
  0x0000000016f6d800 JavaThread "Attach Listener" daemon [_thread_blocked, id=7672, stack(0x00000000184d0000,0x00000000185d0000)]
  0x0000000016f6c000 JavaThread "Signal Dispatcher" daemon [_thread_blocked, id=3672, stack(0x00000000183d0000,0x00000000184d0000)]
  0x000000000240c000 JavaThread "Finalizer" daemon [_thread_blocked, id=8092, stack(0x00000000181f0000,0x00000000182f0000)]
  0x0000000002401000 JavaThread "Reference Handler" daemon [_thread_blocked, id=4428, stack(0x00000000180f0000,0x00000000181f0000)]
  0x00000000001de800 JavaThread "main" [_thread_blocked, id=3348, stack(0x0000000002210000,0x0000000002310000)]

Other Threads:
  0x0000000016f36000 VMThread [stack: 0x0000000017ff0000,0x00000000180f0000] [id=8036]
  0x000000001891a800 WatcherThread [stack: 0x0000000018dd0000,0x0000000018ed0000] [id=7776]

VM state:not at safepoint (normal execution)

VM Mutex/Monitor currently owned by a thread: None

Heap:
 PSYoungGen      total 269312K, used 57128K [0x00000000d5d00000, 0x00000000e7600000, 0x0000000100000000)
  eden space 260096K, 18% used [0x00000000d5d00000,0x00000000d8bcb5b8,0x00000000e5b00000)
  from space 9216K, 99% used [0x00000000e6a00000,0x00000000e72fec18,0x00000000e7300000)
  to   space 13824K, 0% used [0x00000000e5b00000,0x00000000e5b00000,0x00000000e6880000)
 ParOldGen       total 55296K, used 21129K [0x0000000081600000, 0x0000000084c00000, 0x00000000d5d00000)
  object space 55296K, 38% used [0x0000000081600000,0x0000000082aa25f8,0x0000000084c00000)
 Metaspace       used 24466K, capacity 25528K, committed 25600K, reserved 1071104K
  class space    used 3037K, capacity 3274K, committed 3328K, reserved 1048576K

Card table byte_map: [0x00000000117d0000,0x0000000011bd0000] byte_map_base: 0x00000000113c5000

Marking Bits: (ParMarkBitMap*) 0x00000000751ea6c0
 Begin Bits: [0x0000000012280000, 0x0000000014228000)
 End Bits:   [0x0000000014228000, 0x00000000161d0000)

Polling page: 0x00000000009e0000

CodeCache: size=245760Kb used=15599Kb max_used=15615Kb free=230160Kb
 bounds [0x0000000002410000, 0x0000000003370000, 0x0000000011410000]
 total_blobs=5805 nmethods=5019 adapters=696
 compilation: enabled

Compilation events (10 events):
Event: 20.173 Thread 0x0000000016f78800 nmethod 5786 0x000000000309cad0 code [0x000000000309cce0, 0x000000000309d678]
Event: 20.174 Thread 0x0000000016f78800 5787       3       com.sun.javafx.webkit.prism.WCGraphicsPrismContext$ContextState::access$4000 (6 bytes)
Event: 20.174 Thread 0x0000000016f78800 nmethod 5787 0x0000000002875850 code [0x00000000028759c0, 0x0000000002875ba8]
Event: 20.174 Thread 0x0000000016f78800 5788       3       com.sun.javafx.webkit.prism.WCGraphicsPrismContext$ContextState::concatTransform (9 bytes)
Event: 20.174 Thread 0x0000000016f78800 nmethod 5788 0x0000000002875450 code [0x00000000028755c0, 0x0000000002875768]
Event: 20.200 Thread 0x0000000016f6f000 nmethod 5783 0x000000000335e050 code [0x000000000335e280, 0x0000000003360090]
Event: 20.200 Thread 0x0000000016f6f000 5784       4       com.sun.javafx.font.directwrite.DWFontStrike::getQuantizedPosition (151 bytes)
Event: 20.203 Thread 0x0000000016f6f000 nmethod 5784 0x000000000300ca50 code [0x000000000300cbe0, 0x000000000300ce98]
Event: 20.223 Thread 0x0000000016f6f000 5789   !   4       java.net.AbstractPlainSocketImpl::releaseFD (74 bytes)
Event: 20.224 Thread 0x0000000016f6f000 nmethod 5789 0x0000000002874fd0 code [0x0000000002875100, 0x0000000002875378]

GC Heap History (10 events):
Event: 3.000 GC heap before
{Heap before GC invocations=5 (full 0):
 PSYoungGen      total 71680K, used 71587K [0x00000000d5d00000, 0x00000000da800000, 0x0000000100000000)
  eden space 66560K, 99% used [0x00000000d5d00000,0x00000000d9dede68,0x00000000d9e00000)
  from space 5120K, 99% used [0x00000000da300000,0x00000000da7fb0d8,0x00000000da800000)
  to   space 5120K, 0% used [0x00000000d9e00000,0x00000000d9e00000,0x00000000da300000)
 ParOldGen       total 87552K, used 5518K [0x0000000081600000, 0x0000000086b80000, 0x00000000d5d00000)
  object space 87552K, 6% used [0x0000000081600000,0x0000000081b63978,0x0000000086b80000)
 Metaspace       used 18028K, capacity 18890K, committed 19200K, reserved 1064960K
  class space    used 2521K, capacity 2711K, committed 2816K, reserved 1048576K
Event: 3.006 GC heap after
Heap after GC invocations=5 (full 0):
 PSYoungGen      total 71680K, used 5118K [0x00000000d5d00000, 0x00000000df300000, 0x0000000100000000)
  eden space 66560K, 0% used [0x00000000d5d00000,0x00000000d5d00000,0x00000000d9e00000)
  from space 5120K, 99% used [0x00000000d9e00000,0x00000000da2ff990,0x00000000da300000)
  to   space 10240K, 0% used [0x00000000de900000,0x00000000de900000,0x00000000df300000)
 ParOldGen       total 87552K, used 5518K [0x0000000081600000, 0x0000000086b80000, 0x00000000d5d00000)
  object space 87552K, 6% used [0x0000000081600000,0x0000000081b63978,0x0000000086b80000)
 Metaspace       used 18028K, capacity 18890K, committed 19200K, reserved 1064960K
  class space    used 2521K, capacity 2711K, committed 2816K, reserved 1048576K
}
Event: 3.024 GC heap before
{Heap before GC invocations=6 (full 0):
 PSYoungGen      total 71680K, used 71647K [0x00000000d5d00000, 0x00000000df300000, 0x0000000100000000)
  eden space 66560K, 99% used [0x00000000d5d00000,0x00000000d9df8598,0x00000000d9e00000)
  from space 5120K, 99% used [0x00000000d9e00000,0x00000000da2ff990,0x00000000da300000)
  to   space 10240K, 0% used [0x00000000de900000,0x00000000de900000,0x00000000df300000)
 ParOldGen       total 87552K, used 5518K [0x0000000081600000, 0x0000000086b80000, 0x00000000d5d00000)
  object space 87552K, 6% used [0x0000000081600000,0x0000000081b63978,0x0000000086b80000)
 Metaspace       used 18034K, capacity 18890K, committed 19200K, reserved 1064960K
  class space    used 2521K, capacity 2711K, committed 2816K, reserved 1048576K
Event: 3.032 GC heap after
Heap after GC invocations=6 (full 0):
 PSYoungGen      total 142336K, used 5149K [0x00000000d5d00000, 0x00000000df200000, 0x0000000100000000)
  eden space 133120K, 0% used [0x00000000d5d00000,0x00000000d5d00000,0x00000000ddf00000)
  from space 9216K, 55% used [0x00000000de900000,0x00000000dee07410,0x00000000df200000)
  to   space 9728K, 0% used [0x00000000ddf00000,0x00000000ddf00000,0x00000000de880000)
 ParOldGen       total 87552K, used 5518K [0x0000000081600000, 0x0000000086b80000, 0x00000000d5d00000)
  object space 87552K, 6% used [0x0000000081600000,0x0000000081b63978,0x0000000086b80000)
 Metaspace       used 18034K, capacity 18890K, committed 19200K, reserved 1064960K
  class space    used 2521K, capacity 2711K, committed 2816K, reserved 1048576K
}
Event: 9.962 GC heap before
{Heap before GC invocations=7 (full 0):
 PSYoungGen      total 142336K, used 115737K [0x00000000d5d00000, 0x00000000df200000, 0x0000000100000000)
  eden space 133120K, 83% used [0x00000000d5d00000,0x00000000dc8ff130,0x00000000ddf00000)
  from space 9216K, 55% used [0x00000000de900000,0x00000000dee07410,0x00000000df200000)
  to   space 9728K, 0% used [0x00000000ddf00000,0x00000000ddf00000,0x00000000de880000)
 ParOldGen       total 87552K, used 5518K [0x0000000081600000, 0x0000000086b80000, 0x00000000d5d00000)
  object space 87552K, 6% used [0x0000000081600000,0x0000000081b63978,0x0000000086b80000)
 Metaspace       used 20318K, capacity 21188K, committed 21296K, reserved 1067008K
  class space    used 2655K, capacity 2864K, committed 2944K, reserved 1048576K
Event: 9.977 GC heap after
Heap after GC invocations=7 (full 0):
 PSYoungGen      total 142848K, used 5684K [0x00000000d5d00000, 0x00000000e7300000, 0x0000000100000000)
  eden space 133120K, 0% used [0x00000000d5d00000,0x00000000d5d00000,0x00000000ddf00000)
  from space 9728K, 58% used [0x00000000ddf00000,0x00000000de48d290,0x00000000de880000)
  to   space 9216K, 0% used [0x00000000e6a00000,0x00000000e6a00000,0x00000000e7300000)
 ParOldGen       total 87552K, used 10264K [0x0000000081600000, 0x0000000086b80000, 0x00000000d5d00000)
  object space 87552K, 11% used [0x0000000081600000,0x0000000082006098,0x0000000086b80000)
 Metaspace       used 20318K, capacity 21188K, committed 21296K, reserved 1067008K
  class space    used 2655K, capacity 2864K, committed 2944K, reserved 1048576K
}
Event: 9.977 GC heap before
{Heap before GC invocations=8 (full 1):
 PSYoungGen      total 142848K, used 5684K [0x00000000d5d00000, 0x00000000e7300000, 0x0000000100000000)
  eden space 133120K, 0% used [0x00000000d5d00000,0x00000000d5d00000,0x00000000ddf00000)
  from space 9728K, 58% used [0x00000000ddf00000,0x00000000de48d290,0x00000000de880000)
  to   space 9216K, 0% used [0x00000000e6a00000,0x00000000e6a00000,0x00000000e7300000)
 ParOldGen       total 87552K, used 10264K [0x0000000081600000, 0x0000000086b80000, 0x00000000d5d00000)
  object space 87552K, 11% used [0x0000000081600000,0x0000000082006098,0x0000000086b80000)
 Metaspace       used 20318K, capacity 21188K, committed 21296K, reserved 1067008K
  class space    used 2655K, capacity 2864K, committed 2944K, reserved 1048576K
Event: 10.032 GC heap after
Heap after GC invocations=8 (full 1):
 PSYoungGen      total 142848K, used 0K [0x00000000d5d00000, 0x00000000e7300000, 0x0000000100000000)
  eden space 133120K, 0% used [0x00000000d5d00000,0x00000000d5d00000,0x00000000ddf00000)
  from space 9728K, 0% used [0x00000000ddf00000,0x00000000ddf00000,0x00000000de880000)
  to   space 9216K, 0% used [0x00000000e6a00000,0x00000000e6a00000,0x00000000e7300000)
 ParOldGen       total 55296K, used 13702K [0x0000000081600000, 0x0000000084c00000, 0x00000000d5d00000)
  object space 55296K, 24% used [0x0000000081600000,0x0000000082361920,0x0000000084c00000)
 Metaspace       used 20318K, capacity 21188K, committed 21296K, reserved 1067008K
  class space    used 2655K, capacity 2864K, committed 2944K, reserved 1048576K
}
Event: 19.169 GC heap before
{Heap before GC invocations=9 (full 1):
 PSYoungGen      total 142848K, used 129343K [0x00000000d5d00000, 0x00000000e7300000, 0x0000000100000000)
  eden space 133120K, 97% used [0x00000000d5d00000,0x00000000ddb4fdb0,0x00000000ddf00000)
  from space 9728K, 0% used [0x00000000ddf00000,0x00000000ddf00000,0x00000000de880000)
  to   space 9216K, 0% used [0x00000000e6a00000,0x00000000e6a00000,0x00000000e7300000)
 ParOldGen       total 55296K, used 13702K [0x0000000081600000, 0x0000000084c00000, 0x00000000d5d00000)
  object space 55296K, 24% used [0x0000000081600000,0x0000000082361920,0x0000000084c00000)
 Metaspace       used 24398K, capacity 25394K, committed 25600K, reserved 1071104K
  class space    used 3034K, capacity 3273K, committed 3328K, reserved 1048576K
Event: 19.179 GC heap after
Heap after GC invocations=9 (full 1):
 PSYoungGen      total 269312K, used 9211K [0x00000000d5d00000, 0x00000000e7600000, 0x0000000100000000)
  eden space 260096K, 0% used [0x00000000d5d00000,0x00000000d5d00000,0x00000000e5b00000)
  from space 9216K, 99% used [0x00000000e6a00000,0x00000000e72fec18,0x00000000e7300000)
  to   space 13824K, 0% used [0x00000000e5b00000,0x00000000e5b00000,0x00000000e6880000)
 ParOldGen       total 55296K, used 21129K [0x0000000081600000, 0x0000000084c00000, 0x00000000d5d00000)
  object space 55296K, 38% used [0x0000000081600000,0x0000000082aa25f8,0x0000000084c00000)
 Metaspace       used 24398K, capacity 25394K, committed 25600K, reserved 1071104K
  class space    used 3034K, capacity 3273K, committed 3328K, reserved 1048576K
}

Deoptimization events (10 events):
Event: 19.390 Thread 0x0000000018ff9800 Uncommon trap: reason=unstable_if action=reinterpret pc=0x0000000002dfd56c method=com.sun.javafx.geom.transform.AffineBase.isTranslateOrIdentity()Z @ 5
Event: 19.390 Thread 0x0000000018ff9800 Uncommon trap: reason=unstable_if action=reinterpret pc=0x0000000002c3d738 method=com.sun.prism.impl.ps.BaseShaderGraphics.len(FF)F @ 16
Event: 19.683 Thread 0x0000000018ff9800 Uncommon trap: reason=unstable_if action=reinterpret pc=0x0000000002bf6874 method=com.sun.javafx.geom.Path2D.needRoom(ZI)V @ 57
Event: 19.684 Thread 0x0000000018ff9800 Uncommon trap: reason=unstable_if action=reinterpret pc=0x0000000002aec560 method=com.sun.javafx.geom.Path2D.needRoom(ZI)V @ 57
Event: 19.685 Thread 0x0000000018ff9800 Uncommon trap: reason=unstable_if action=reinterpret pc=0x0000000002a5f320 method=com.sun.javafx.geom.Path2D.needRoom(ZI)V @ 57
Event: 19.690 Thread 0x0000000018ff9800 Uncommon trap: reason=unstable_if action=reinterpret pc=0x0000000003200790 method=java.lang.Math.round(D)J @ 48
Event: 19.816 Thread 0x0000000018ff9800 Uncommon trap: reason=unstable_if action=reinterpret pc=0x0000000002f1950c method=com.sun.javafx.geom.RectBounds.intersectWith(FFFF)V @ 11
Event: 19.820 Thread 0x0000000018ff9800 Uncommon trap: reason=unstable_if action=reinterpret pc=0x0000000002b1c12c method=java.lang.Math.round(D)J @ 48
Event: 19.899 Thread 0x0000000018ff9800 Uncommon trap: reason=unstable_if action=reinterpret pc=0x0000000002aebd3c method=java.lang.Math.round(D)J @ 48
Event: 19.970 Thread 0x0000000018ff9800 Uncommon trap: reason=unstable_if action=reinterpret pc=0x0000000002f5b69c method=com.sun.javafx.geom.RectBounds.intersectWith(FFFF)V @ 18

Internal exceptions (10 events):
Event: 20.173 Thread 0x000000001904c000 Exception <a 'java/io/IOException': Improper call to JPEG library in state 200> (0x00000000d8456ca0) thrown at [C:\re\workspace\8-2-build-windows-amd64-cygwin\jdk8u111\7883\hotspot\src\share\vm\prims\jni.cpp, line 735]
Event: 20.173 Thread 0x000000001904c000 Exception <a 'java/io/IOException': Improper call to JPEG library in state 200> (0x00000000d845bff8) thrown at [C:\re\workspace\8-2-build-windows-amd64-cygwin\jdk8u111\7883\hotspot\src\share\vm\prims\jni.cpp, line 735]
Event: 20.174 Thread 0x000000001904c000 Exception <a 'java/io/IOException': Improper call to JPEG library in state 200> (0x00000000d8461630) thrown at [C:\re\workspace\8-2-build-windows-amd64-cygwin\jdk8u111\7883\hotspot\src\share\vm\prims\jni.cpp, line 735]
Event: 20.175 Thread 0x000000001904c000 Exception <a 'java/io/IOException': Improper call to JPEG library in state 200> (0x00000000d8466988) thrown at [C:\re\workspace\8-2-build-windows-amd64-cygwin\jdk8u111\7883\hotspot\src\share\vm\prims\jni.cpp, line 735]
Event: 20.175 Thread 0x000000001904c000 Exception <a 'java/io/IOException': Improper call to JPEG library in state 200> (0x00000000d846bce0) thrown at [C:\re\workspace\8-2-build-windows-amd64-cygwin\jdk8u111\7883\hotspot\src\share\vm\prims\jni.cpp, line 735]
Event: 20.175 Thread 0x000000001904c000 Exception <a 'java/io/IOException': Improper call to JPEG library in state 200> (0x00000000d8471038) thrown at [C:\re\workspace\8-2-build-windows-amd64-cygwin\jdk8u111\7883\hotspot\src\share\vm\prims\jni.cpp, line 735]
Event: 20.175 Thread 0x000000001904c000 Exception <a 'java/io/IOException': Improper call to JPEG library in state 200> (0x00000000d8476390) thrown at [C:\re\workspace\8-2-build-windows-amd64-cygwin\jdk8u111\7883\hotspot\src\share\vm\prims\jni.cpp, line 735]
Event: 20.175 Thread 0x000000001904c000 Exception <a 'java/io/IOException': Improper call to JPEG library in state 200> (0x00000000d847b6e8) thrown at [C:\re\workspace\8-2-build-windows-amd64-cygwin\jdk8u111\7883\hotspot\src\share\vm\prims\jni.cpp, line 735]
Event: 20.175 Thread 0x000000001904c000 Exception <a 'java/io/IOException': Improper call to JPEG library in state 200> (0x00000000d8480a40) thrown at [C:\re\workspace\8-2-build-windows-amd64-cygwin\jdk8u111\7883\hotspot\src\share\vm\prims\jni.cpp, line 735]
Event: 20.177 Thread 0x000000001904c000 Exception <a 'java/io/IOException': Improper call to JPEG library in state 200> (0x00000000d8485e30) thrown at [C:\re\workspace\8-2-build-windows-amd64-cygwin\jdk8u111\7883\hotspot\src\share\vm\prims\jni.cpp, line 735]

Events (10 events):
Event: 20.052 Executing VM operation: RevokeBias
Event: 20.052 Executing VM operation: RevokeBias done
Event: 20.052 Thread 0x000000001969d800 Thread exited: 0x000000001969d800
Event: 20.063 Thread 0x0000000018ff9800 DEOPT PACKING pc=0x0000000002c582a8 sp=0x00000000199cdeb0
Event: 20.063 Thread 0x0000000018ff9800 DEOPT UNPACKING pc=0x000000000245787f sp=0x00000000199ce028 mode 0
Event: 20.107 Thread 0x000000001969a800 Thread added: 0x000000001969a800
Event: 20.108 Thread 0x000000001969a800 Thread exited: 0x000000001969a800
Event: 20.196 Thread 0x00000000196a1800 Thread added: 0x00000000196a1800
Event: 20.235 loading class javafx/concurrent/Task$TaskCallable
Event: 20.235 loading class javafx/concurrent/Task$TaskCallable done


Dynamic libraries:
0x00007ff7586d0000 - 0x00007ff758707000 	C:\Program Files\Java\jdk1.8.0_111\bin\java.exe
0x00007ffe2f040000 - 0x00007ffe2f201000 	C:\Windows\SYSTEM32\ntdll.dll
0x00007ffe2edc0000 - 0x00007ffe2ee6d000 	C:\Windows\system32\KERNEL32.DLL
0x00007ffe2b6f0000 - 0x00007ffe2b8d8000 	C:\Windows\system32\KERNELBASE.dll
0x00007ffe2db50000 - 0x00007ffe2dbf7000 	C:\Windows\system32\ADVAPI32.dll
0x00007ffe2e650000 - 0x00007ffe2e6ed000 	C:\Windows\system32\msvcrt.dll
0x00007ffe2e750000 - 0x00007ffe2e7ab000 	C:\Windows\system32\sechost.dll
0x00007ffe2dcd0000 - 0x00007ffe2ddec000 	C:\Windows\system32\RPCRT4.dll
0x00007ffe2eee0000 - 0x00007ffe2f036000 	C:\Windows\system32\USER32.dll
0x00007ffe2e330000 - 0x00007ffe2e4b6000 	C:\Windows\system32\GDI32.dll
0x00007ffe0e460000 - 0x00007ffe0e6d4000 	C:\Windows\WinSxS\amd64_microsoft.windows.common-controls_6595b64144ccf1df_6.0.10586.589_none_a2ddb3caa539acce\COMCTL32.dll
0x00007ffe2de00000 - 0x00007ffe2e07d000 	C:\Windows\system32\combase.dll
0x00007ffe2bab0000 - 0x00007ffe2bb1a000 	C:\Windows\system32\bcryptPrimitives.dll
0x00007ffe2db10000 - 0x00007ffe2db4b000 	C:\Windows\system32\IMM32.DLL
0x0000000075270000 - 0x0000000075342000 	C:\Program Files\Java\jdk1.8.0_111\jre\bin\msvcr100.dll
0x00000000749d0000 - 0x000000007526a000 	C:\Program Files\Java\jdk1.8.0_111\jre\bin\server\jvm.dll
0x00007ffe2e640000 - 0x00007ffe2e648000 	C:\Windows\system32\PSAPI.DLL
0x00007ffe0aef0000 - 0x00007ffe0aef9000 	C:\Windows\SYSTEM32\WSOCK32.dll
0x00007ffe2e5d0000 - 0x00007ffe2e63b000 	C:\Windows\system32\WS2_32.dll
0x00007ffe299a0000 - 0x00007ffe299c3000 	C:\Windows\SYSTEM32\WINMM.dll
0x00007ffe1bd20000 - 0x00007ffe1bd2a000 	C:\Windows\SYSTEM32\VERSION.dll
0x00007ffe29940000 - 0x00007ffe2996c000 	C:\Windows\SYSTEM32\WINMMBASE.dll
0x00007ffe2c3f0000 - 0x00007ffe2c433000 	C:\Windows\system32\cfgmgr32.dll
0x00000000749c0000 - 0x00000000749cf000 	C:\Program Files\Java\jdk1.8.0_111\jre\bin\verify.dll
0x0000000074990000 - 0x00000000749b9000 	C:\Program Files\Java\jdk1.8.0_111\jre\bin\java.dll
0x0000000074970000 - 0x0000000074986000 	C:\Program Files\Java\jdk1.8.0_111\jre\bin\zip.dll
0x00007ffe2c440000 - 0x00007ffe2d99c000 	C:\Windows\system32\SHELL32.dll
0x00007ffe2bbd0000 - 0x00007ffe2c215000 	C:\Windows\system32\windows.storage.dll
0x00007ffe2e570000 - 0x00007ffe2e5c2000 	C:\Windows\system32\shlwapi.dll
0x00007ffe2b6e0000 - 0x00007ffe2b6ef000 	C:\Windows\system32\kernel.appcore.dll
0x00007ffe2b940000 - 0x00007ffe2b9f5000 	C:\Windows\system32\shcore.dll
0x00007ffe2b690000 - 0x00007ffe2b6db000 	C:\Windows\system32\powrprof.dll
0x00007ffe2b660000 - 0x00007ffe2b674000 	C:\Windows\system32\profapi.dll
0x00007ffe22420000 - 0x00007ffe22430000 	C:\Program Files (x86)\JetBrains\IntelliJ IDEA Community Edition 2016.2.5\bin\breakgen64.dll
0x0000000074950000 - 0x000000007496a000 	C:\Program Files\Java\jdk1.8.0_111\jre\bin\net.dll
0x00007ffe2af90000 - 0x00007ffe2afec000 	C:\Windows\system32\mswsock.dll
0x00007ffe1a8a0000 - 0x00007ffe1a98f000 	C:\Program Files\Java\jdk1.8.0_111\jre\bin\msvcr120.dll
0x00007ffe1a7f0000 - 0x00007ffe1a896000 	C:\Program Files\Java\jdk1.8.0_111\jre\bin\msvcp120.dll
0x0000000074920000 - 0x0000000074942000 	C:\Program Files\Java\jdk1.8.0_111\jre\bin\prism_d3d.dll
0x00007ffe022f0000 - 0x00007ffe02500000 	C:\Windows\system32\d3d9.dll
0x00007ffe295f0000 - 0x00007ffe29612000 	C:\Windows\SYSTEM32\dwmapi.dll
0x00007ffe29fe0000 - 0x00007ffe2a076000 	C:\Windows\system32\uxtheme.dll
0x00007ffdf3c00000 - 0x00007ffdf613d000 	C:\Windows\SYSTEM32\igdumdim64.dll
0x00007ffe2dc00000 - 0x00007ffe2dcc6000 	C:\Windows\system32\OLEAUT32.dll
0x00007ffe2e1e0000 - 0x00007ffe2e323000 	C:\Windows\system32\ole32.dll
0x00007ffe2e990000 - 0x00007ffe2edb9000 	C:\Windows\system32\SETUPAPI.dll
0x00000000748d0000 - 0x0000000074913000 	C:\Program Files\Java\jdk1.8.0_111\jre\bin\glass.dll
0x00007ffe2da00000 - 0x00007ffe2db0b000 	C:\Windows\system32\COMDLG32.dll
0x00007ffe2ba00000 - 0x00007ffe2ba86000 	C:\Windows\system32\FirewallAPI.dll
0x00007ffe2ba90000 - 0x00007ffe2baa7000 	C:\Windows\system32\NETAPI32.dll
0x00007ffe04d40000 - 0x00007ffe04d4c000 	C:\Windows\SYSTEM32\DAVHLPR.DLL
0x00007ffe2a3e0000 - 0x00007ffe2a412000 	C:\Windows\SYSTEM32\fwbase.dll
0x00007ffe2e080000 - 0x00007ffe2e1da000 	C:\Windows\system32\MSCTF.dll
0x00007ffe26260000 - 0x00007ffe26ca0000 	C:\Windows\SYSTEM32\igdusc64.dll
0x0000000072310000 - 0x00000000748a1000 	C:\Program Files\Java\jdk1.8.0_111\jre\bin\jfxwebkit.dll
0x00007ffe2b040000 - 0x00007ffe2b057000 	C:\Windows\SYSTEM32\CRYPTSP.dll
0x00007ffe2acd0000 - 0x00007ffe2ad04000 	C:\Windows\system32\rsaenh.dll
0x00007ffe2b260000 - 0x00007ffe2b289000 	C:\Windows\SYSTEM32\bcrypt.dll
0x00007ffe2b160000 - 0x00007ffe2b16b000 	C:\Windows\SYSTEM32\CRYPTBASE.dll
0x00000000722f0000 - 0x0000000072304000 	C:\Program Files\Java\jdk1.8.0_111\jre\bin\javafx_font.dll
0x00007ffe1ea00000 - 0x00007ffe1ec5f000 	C:\Windows\SYSTEM32\dwrite.dll
0x00007ffe2e4c0000 - 0x00007ffe2e567000 	C:\Windows\system32\clbcatq.dll
0x00007ffe28f60000 - 0x00007ffe29111000 	C:\Windows\SYSTEM32\WindowsCodecs.dll
0x00007ffe0e3a0000 - 0x00007ffe0e3ea000 	C:\Windows\system32\dataexchange.dll
0x00007ffe29bc0000 - 0x00007ffe29ca3000 	C:\Windows\system32\dcomp.dll
0x00007ffe29340000 - 0x00007ffe295e8000 	C:\Windows\system32\d3d11.dll
0x00007ffe29290000 - 0x00007ffe29332000 	C:\Windows\system32\dxgi.dll
0x00007ffe2a180000 - 0x00007ffe2a280000 	C:\Windows\system32\twinapi.appcore.dll
0x00007ffe20e00000 - 0x00007ffe20e34000 	C:\Program Files\Common Files\Microsoft Shared\Ink\rtscom.dll
0x00000000722d0000 - 0x00000000722e1000 	C:\Program Files\Java\jdk1.8.0_111\jre\bin\prism_common.dll
0x00007ffe23a50000 - 0x00007ffe23f95000 	C:\Windows\SYSTEM32\d2d1.dll
0x00007ffe1a580000 - 0x00007ffe1a7ef000 	C:\Windows\SYSTEM32\D3D10Warp.dll
0x00000000748b0000 - 0x00000000748c1000 	C:\Program Files\Java\jdk1.8.0_111\jre\bin\nio.dll
0x00007ffe2a0d0000 - 0x00007ffe2a17a000 	C:\Windows\SYSTEM32\DNSAPI.dll
0x00007ffe2ddf0000 - 0x00007ffe2ddf8000 	C:\Windows\system32\NSI.dll
0x00007ffe1bd60000 - 0x00007ffe1bd6a000 	C:\Windows\System32\rasadhlp.dll
0x00007ffe27e70000 - 0x00007ffe27ea8000 	C:\Windows\SYSTEM32\IPHLPAPI.DLL
0x00007ffe22aa0000 - 0x00007ffe22b07000 	C:\Windows\System32\fwpuclnt.dll
0x0000000072290000 - 0x00000000722b3000 	C:\Program Files\Java\jdk1.8.0_111\jre\bin\javafx_iio.dll
0x0000000072260000 - 0x0000000072284000 	C:\Program Files\Java\jdk1.8.0_111\jre\bin\sunec.dll
0x00007ffe2ae20000 - 0x00007ffe2ae3f000 	C:\Windows\SYSTEM32\USERENV.dll
0x00007ffe230d0000 - 0x00007ffe230e6000 	C:\Windows\SYSTEM32\dhcpcsvc6.DLL
0x00007ffe233f0000 - 0x00007ffe2340a000 	C:\Windows\SYSTEM32\dhcpcsvc.DLL
0x0000000072250000 - 0x000000007225b000 	C:\Program Files\Java\jdk1.8.0_111\jre\bin\sunmscapi.dll
0x00007ffe2c220000 - 0x00007ffe2c3e8000 	C:\Windows\system32\CRYPT32.dll
0x00007ffe2b680000 - 0x00007ffe2b690000 	C:\Windows\system32\MSASN1.dll
0x00000000721d0000 - 0x0000000072243000 	C:\Program Files\Java\jdk1.8.0_111\jre\bin\glib-lite.dll
0x0000000072130000 - 0x00000000721cc000 	C:\Program Files\Java\jdk1.8.0_111\jre\bin\gstreamer-lite.dll
0x00007ffe1a4e0000 - 0x00007ffe1a57c000 	C:\Windows\SYSTEM32\DSOUND.dll
0x0000000072100000 - 0x0000000072125000 	C:\Program Files\Java\jdk1.8.0_111\jre\bin\jfxmedia.dll
0x00007ffe13c70000 - 0x00007ffe13dfc000 	C:\Windows\SYSTEM32\dbghelp.dll

VM Arguments:
jvm_args: -Didea.launcher.port=7533 -Didea.launcher.bin.path=C:\Program Files (x86)\JetBrains\IntelliJ IDEA Community Edition 2016.2.5\bin -Dfile.encoding=UTF-8 
java_command: com.intellij.rt.execution.application.AppMain app.Main
java_class_path (initial): C:\Program Files\Java\jdk1.8.0_111\jre\lib\charsets.jar;C:\Program Files\Java\jdk1.8.0_111\jre\lib\deploy.jar;C:\Program Files\Java\jdk1.8.0_111\jre\lib\ext\access-bridge-64.jar;C:\Program Files\Java\jdk1.8.0_111\jre\lib\ext\cldrdata.jar;C:\Program Files\Java\jdk1.8.0_111\jre\lib\ext\dnsns.jar;C:\Program Files\Java\jdk1.8.0_111\jre\lib\ext\jaccess.jar;C:\Program Files\Java\jdk1.8.0_111\jre\lib\ext\jfxrt.jar;C:\Program Files\Java\jdk1.8.0_111\jre\lib\ext\localedata.jar;C:\Program Files\Java\jdk1.8.0_111\jre\lib\ext\nashorn.jar;C:\Program Files\Java\jdk1.8.0_111\jre\lib\ext\sunec.jar;C:\Program Files\Java\jdk1.8.0_111\jre\lib\ext\sunjce_provider.jar;C:\Program Files\Java\jdk1.8.0_111\jre\lib\ext\sunmscapi.jar;C:\Program Files\Java\jdk1.8.0_111\jre\lib\ext\sunpkcs11.jar;C:\Program Files\Java\jdk1.8.0_111\jre\lib\ext\zipfs.jar;C:\Program Files\Java\jdk1.8.0_111\jre\lib\javaws.jar;C:\Program Files\Java\jdk1.8.0_111\jre\lib\jce.jar;C:\Program Files\Java\jdk1.8.0_111\jre\lib\jfr.jar;C:\Program Files\Java\jdk1.8.0_111\jre\lib\jfxswt.jar;C:\Program Files\Java\jdk1.8.0_111\jre\lib\jsse.jar;C:\Program Files\Java\jdk1.8.0_111\jre\lib\management-agent.jar;C:\Program Files\Java\jdk1.8.0_111\jre\lib\plugin.jar;C:\Program Files\Java\jdk1.8.0_111\jre\lib\resources.jar;C:\Program Files\Java\jdk1.8.0_111\jre\lib\rt.jar;C:\Users\Baltzar\IdeaProjects\ewok\out\production\ewok;C:\Program Files (x86)\JetBrains\IntelliJ IDEA Community Edition 2016.2.5\lib\idea_rt.jar
Launcher Type: SUN_STANDARD

Environment Variables:
PATH=C:\ProgramData\Oracle\Java\javapath;C:\Program Files (x86)\Intel\iCLS Client\;C:\Program Files\Intel\iCLS Client\;C:\Windows\system32;C:\Windows;C:\Windows\System32\Wbem;C:\Windows\System32\WindowsPowerShell\v1.0\;C:\Program Files\Microsoft SQL Server\Client SDK\ODBC\130\Tools\Binn\;C:\Program Files (x86)\Microsoft SQL Server\130\Tools\Binn\;C:\Program Files\Microsoft SQL Server\130\Tools\Binn\;C:\Program Files\Microsoft SQL Server\130\DTS\Binn\;C:\Program Files (x86)\Microsoft SQL Server\Client SDK\ODBC\130\Tools\Binn\;C:\Program Files (x86)\Microsoft SQL Server\130\DTS\Binn\;C:\Program Files (x86)\Microsoft SQL Server\130\Tools\Binn\ManagementStudio\;C:\Users\Baltzar\.dnx\bin;C:\Program Files\Microsoft DNX\Dnvm\;C:\Program Files (x86)\Livestreamer;C:\Program Files\Git\cmd
USERNAME=Baltzar
OS=Windows_NT
PROCESSOR_IDENTIFIER=Intel64 Family 6 Model 69 Stepping 1, GenuineIntel



---------------  S Y S T E M  ---------------

OS: Windows 10.0 , 64 bit Build 10586 (10.0.10586.589)

CPU:total 4 (2 cores per cpu, 2 threads per core) family 6 model 69 stepping 1, cmov, cx8, fxsr, mmx, sse, sse2, sse3, ssse3, sse4.1, sse4.2, popcnt, avx, avx2, aes, clmul, erms, lzcnt, ht, tsc, tscinvbit, bmi1, bmi2

Memory: 4k page, physical 8294668k(3909384k free), swap 9605388k(4856496k free)

vm_info: Java HotSpot(TM) 64-Bit Server VM (25.111-b14) for windows-amd64 JRE (1.8.0_111-b14), built on Sep 22 2016 19:24:05 by "java_re" with MS VC++ 10.0 (VS2010)

time: Fri Nov 18 14:25:32 2016
elapsed time: 20 seconds (0d 0h 0m 20s)

